Using pre-set license
Built from '2022.3/staging' branch; Version is '2022.3.9f1 (ea401c316338) revision 15351836'; Using compiler version '192829333'; Build Type 'Release'
OS: 'Windows 11  (10.0.22631) 64bit Professional' Language: 'el' Physical Memory: 7872 MB
BatchMode: 1, IsHumanControllingUs: 0, StartBugReporterOnCrash: 0, Is64bit: 1, IsPro: 1

COMMAND LINE ARGUMENTS:
C:\Program Files\Unity\Hub\Editor\2022.3.9f1\Editor\Unity.exe
-adb2
-batchMode
-noUpm
-name
AssetImportWorker3
-projectPath
C:/Users/user/Desktop/mindscape/Mindscape Odyssey
-logFile
Logs/AssetImportWorker3.log
-srvPort
54136
Successfully changed project path to: C:/Users/user/Desktop/mindscape/Mindscape Odyssey
C:/Users/user/Desktop/mindscape/Mindscape Odyssey
[UnityMemory] Configuration Parameters - Can be set up in boot.config
    "memorysetup-bucket-allocator-granularity=16"
    "memorysetup-bucket-allocator-bucket-count=8"
    "memorysetup-bucket-allocator-block-size=33554432"
    "memorysetup-bucket-allocator-block-count=8"
    "memorysetup-main-allocator-block-size=16777216"
    "memorysetup-thread-allocator-block-size=16777216"
    "memorysetup-gfx-main-allocator-block-size=16777216"
    "memorysetup-gfx-thread-allocator-block-size=16777216"
    "memorysetup-cache-allocator-block-size=4194304"
    "memorysetup-typetree-allocator-block-size=2097152"
    "memorysetup-profiler-bucket-allocator-granularity=16"
    "memorysetup-profiler-bucket-allocator-bucket-count=8"
    "memorysetup-profiler-bucket-allocator-block-size=33554432"
    "memorysetup-profiler-bucket-allocator-block-count=8"
    "memorysetup-profiler-allocator-block-size=16777216"
    "memorysetup-profiler-editor-allocator-block-size=1048576"
    "memorysetup-temp-allocator-size-main=16777216"
    "memorysetup-job-temp-allocator-block-size=2097152"
    "memorysetup-job-temp-allocator-block-size-background=1048576"
    "memorysetup-job-temp-allocator-reduction-small-platforms=262144"
    "memorysetup-allocator-temp-initial-block-size-main=262144"
    "memorysetup-allocator-temp-initial-block-size-worker=262144"
    "memorysetup-temp-allocator-size-background-worker=32768"
    "memorysetup-temp-allocator-size-job-worker=262144"
    "memorysetup-temp-allocator-size-preload-manager=33554432"
    "memorysetup-temp-allocator-size-nav-mesh-worker=65536"
    "memorysetup-temp-allocator-size-audio-worker=65536"
    "memorysetup-temp-allocator-size-cloud-worker=32768"
    "memorysetup-temp-allocator-size-gi-baking-worker=262144"
    "memorysetup-temp-allocator-size-gfx=262144"
Player connection [19044] Host "[IP] 192.168.1.49 [Port] 0 [Flags] 2 [Guid] 1099311815 [EditorId] 1099311815 [Version] 1048832 [Id] WindowsEditor(7,DESKTOP-9QQE4U6) [Debug] 1 [PackageName] WindowsEditor [ProjectName] Editor" joined multi-casting on [225.0.0.222:54997]...

Player connection [19044] Host "[IP] 192.168.1.49 [Port] 0 [Flags] 2 [Guid] 1099311815 [EditorId] 1099311815 [Version] 1048832 [Id] WindowsEditor(7,DESKTOP-9QQE4U6) [Debug] 1 [PackageName] WindowsEditor [ProjectName] Editor" joined alternative multi-casting on [225.0.0.222:34997]...

[Physics::Module] Initialized MultithreadedJobDispatcher with 7 workers.
Refreshing native plugins compatible for Editor in 13.56 ms, found 4 plugins.
Preloading 0 native plugins for Editor in 0.00 ms.
Initialize engine version: 2022.3.9f1 (ea401c316338)
[Subsystems] Discovering subsystems at path C:/Program Files/Unity/Hub/Editor/2022.3.9f1/Editor/Data/Resources/UnitySubsystems
[Subsystems] Discovering subsystems at path C:/Users/user/Desktop/mindscape/Mindscape Odyssey/Assets
GfxDevice: creating device client; threaded=0; jobified=0
Direct3D:
    Version:  Direct3D 11.0 [level 11.1]
    Renderer: Intel(R) Iris(R) Xe Graphics (ID=0x9a49)
    Vendor:   Intel
    VRAM:     3936 MB
    Driver:   31.0.101.4887
Initialize mono
Mono path[0] = 'C:/Program Files/Unity/Hub/Editor/2022.3.9f1/Editor/Data/Managed'
Mono path[1] = 'C:/Program Files/Unity/Hub/Editor/2022.3.9f1/Editor/Data/MonoBleedingEdge/lib/mono/unityjit-win32'
Mono config path = 'C:/Program Files/Unity/Hub/Editor/2022.3.9f1/Editor/Data/MonoBleedingEdge/etc'
Using monoOptions --debugger-agent=transport=dt_socket,embedding=1,server=y,suspend=n,address=127.0.0.1:56208
Begin MonoManager ReloadAssembly
Registering precompiled unity dll's ...
Register platform support module: C:/Program Files/Unity/Hub/Editor/2022.3.9f1/Editor/Data/PlaybackEngines/WindowsStandaloneSupport/UnityEditor.WindowsStandalone.Extensions.dll
Registered in 0.008424 seconds.
- Loaded All Assemblies, in  0.443 seconds
Native extension for WindowsStandalone target not found
Mono: successfully reloaded assembly
- Finished resetting the current domain, in  0.309 seconds
Domain Reload Profiling: 750ms
	BeginReloadAssembly (134ms)
		ExecutionOrderSort (0ms)
		DisableScriptedObjects (0ms)
		BackupInstance (0ms)
		ReleaseScriptingObjects (0ms)
		CreateAndSetChildDomain (1ms)
	RebuildCommonClasses (46ms)
	RebuildNativeTypeToScriptingClass (13ms)
	initialDomainReloadingComplete (87ms)
	LoadAllAssembliesAndSetupDomain (161ms)
		LoadAssemblies (132ms)
		RebuildTransferFunctionScriptingTraits (0ms)
		AnalyzeDomain (159ms)
			TypeCache.Refresh (157ms)
				TypeCache.ScanAssembly (143ms)
			ScanForSourceGeneratedMonoScriptInfo (0ms)
			ResolveRequiredComponents (1ms)
	FinalizeReload (310ms)
		ReleaseScriptCaches (0ms)
		RebuildScriptCaches (0ms)
		SetupLoadedEditorAssemblies (239ms)
			LogAssemblyErrors (0ms)
			InitializePlatformSupportModulesInManaged (10ms)
			SetLoadedEditorAssemblies (10ms)
			RefreshPlugins (0ms)
			BeforeProcessingInitializeOnLoad (3ms)
			ProcessInitializeOnLoadAttributes (160ms)
			ProcessInitializeOnLoadMethodAttributes (56ms)
			AfterProcessingInitializeOnLoad (0ms)
			EditorAssembliesLoaded (0ms)
		ExecutionOrderSort2 (0ms)
		AwakeInstancesAfterBackupRestoration (0ms)
========================================================================
Worker process is ready to serve import requests
Begin MonoManager ReloadAssembly
- Loaded All Assemblies, in  0.987 seconds
Refreshing native plugins compatible for Editor in 3.69 ms, found 4 plugins.
Native extension for WindowsStandalone target not found
Package Manager log level set to [2]
[Package Manager] Server::EnsureServerProcessIsRunning -- launch failed, reason: Unity was launched with the -noUpm command-line argument
[Package Manager] UpmClient::Send -- Unable to send message (not connected to UPM process).
[Package Manager] Cannot connect to Unity Package Manager local server
Mono: successfully reloaded assembly
- Finished resetting the current domain, in  0.975 seconds
Domain Reload Profiling: 1963ms
	BeginReloadAssembly (193ms)
		ExecutionOrderSort (0ms)
		DisableScriptedObjects (12ms)
		BackupInstance (0ms)
		ReleaseScriptingObjects (1ms)
		CreateAndSetChildDomain (25ms)
	RebuildCommonClasses (45ms)
	RebuildNativeTypeToScriptingClass (15ms)
	initialDomainReloadingComplete (55ms)
	LoadAllAssembliesAndSetupDomain (677ms)
		LoadAssemblies (422ms)
		RebuildTransferFunctionScriptingTraits (0ms)
		AnalyzeDomain (352ms)
			TypeCache.Refresh (258ms)
				TypeCache.ScanAssembly (235ms)
			ScanForSourceGeneratedMonoScriptInfo (36ms)
			ResolveRequiredComponents (56ms)
	FinalizeReload (978ms)
		ReleaseScriptCaches (0ms)
		RebuildScriptCaches (0ms)
		SetupLoadedEditorAssemblies (682ms)
			LogAssemblyErrors (0ms)
			InitializePlatformSupportModulesInManaged (7ms)
			SetLoadedEditorAssemblies (6ms)
			RefreshPlugins (0ms)
			BeforeProcessingInitializeOnLoad (106ms)
			ProcessInitializeOnLoadAttributes (442ms)
			ProcessInitializeOnLoadMethodAttributes (113ms)
			AfterProcessingInitializeOnLoad (6ms)
			EditorAssembliesLoaded (0ms)
		ExecutionOrderSort2 (0ms)
		AwakeInstancesAfterBackupRestoration (8ms)
Launched and connected shader compiler UnityShaderCompiler.exe after 0.06 seconds
Refreshing native plugins compatible for Editor in 5.21 ms, found 4 plugins.
Preloading 0 native plugins for Editor in 0.00 ms.
Unloading 5579 Unused Serialized files (Serialized files now loaded: 0)
Unloading 92 unused Assets / (0.9 MB). Loaded Objects now: 6053.
Memory consumption went from 208.1 MB to 207.3 MB.
Total: 5.531300 ms (FindLiveObjects: 0.460800 ms CreateObjectMapping: 0.260900 ms MarkObjects: 3.948700 ms  DeleteObjects: 0.859200 ms)

AssetImportParameters requested are different than current active one (requested -> active):
  custom:container-demuxer-ogg: 62fdf1f143b41e24485cea50d1cbac27 -> 
  custom:video-decoder-ogg-theora: a1e56fd34408186e4bbccfd4996cb3dc -> 
  custom:framework-win-MediaFoundation: 216162199b28c13a410421893ffa2e32 -> 
  custom:CustomObjectIndexerAttribute: a3ef5dd2817f97addfee359851a9dba5 -> 
  custom:container-demuxer-webm: 4f35f7cbe854078d1ac9338744f61a02 -> 
  custom:container-muxer-webm: aa71ff27fc2769a1b78a27578f13a17b -> 
  custom:video-decoder-webm-vp8: 9c59270c3fd7afecdb556c50c9e8de78 -> 
  custom:SearchIndexIgnoredProperties: e643bd26f0fe6173181afceb89e7c659 -> 
  custom:AudioImporter_EditorPlatform: d09bf68614088b80899f8185d706f6e7 -> 
  custom:video-encoder-webm-vp8: eb34c28f22e8b96e1ab97ce403110664 -> 
  custom:audio-decoder-ogg-vorbis: bf7c407c2cedff20999df2af8eb42d56 -> 
  custom:audio-encoder-webm-vorbis: bf7c407c2cedff20999df2af8eb42d56 -> 
========================================================================
Received Import Request.
  Time since last request: 217390.874473 seconds.
  path: Assets/Levels/mainlevbuild_249.asset
  artifactKey: Guid(7bed25cc36d3eac4fa5e8806474186e2) Importer(815301076,1909f56bfc062723c751e8b465ee728b)
Start importing Assets/Levels/mainlevbuild_249.asset using Guid(7bed25cc36d3eac4fa5e8806474186e2) Importer(815301076,1909f56bfc062723c751e8b465ee728b)  -> (artifact id: '9e15b5cde6b800fe9c863e9842279e01') in 0.149814 seconds
Number of updated asset objects reloaded before import = 0
Number of asset objects unloaded after import = 3
========================================================================
Received Import Request.
  Time since last request: 0.000075 seconds.
  path: Assets/Levels/mainlevbuild_152.asset
  artifactKey: Guid(7ff0ba5361b09c24fae50603ad51e1f8) Importer(815301076,1909f56bfc062723c751e8b465ee728b)
Start importing Assets/Levels/mainlevbuild_152.asset using Guid(7ff0ba5361b09c24fae50603ad51e1f8) Importer(815301076,1909f56bfc062723c751e8b465ee728b)  -> (artifact id: '148f09af3db669fb4f97281df84b9a0c') in 0.028200 seconds
Number of updated asset objects reloaded before import = 0
Number of asset objects unloaded after import = 3
========================================================================
Received Import Request.
  Time since last request: 0.000058 seconds.
  path: Assets/Levels/mainlevbuild_160.asset
  artifactKey: Guid(b1470ba75829355419dec832ce424813) Importer(815301076,1909f56bfc062723c751e8b465ee728b)
Start importing Assets/Levels/mainlevbuild_160.asset using Guid(b1470ba75829355419dec832ce424813) Importer(815301076,1909f56bfc062723c751e8b465ee728b)  -> (artifact id: '76693342b9888ca0037f851fac016793') in 0.023849 seconds
Number of updated asset objects reloaded before import = 0
Number of asset objects unloaded after import = 3
========================================================================
Received Import Request.
  Time since last request: 0.000044 seconds.
  path: Assets/Levels/mainlevbuild_121.asset
  artifactKey: Guid(c2d8148dfabc6774e9db1ef1b808fe63) Importer(815301076,1909f56bfc062723c751e8b465ee728b)
Start importing Assets/Levels/mainlevbuild_121.asset using Guid(c2d8148dfabc6774e9db1ef1b808fe63) Importer(815301076,1909f56bfc062723c751e8b465ee728b)  -> (artifact id: 'c10e4761307a3d73df34b5d30e7237a7') in 0.016481 seconds
Number of updated asset objects reloaded before import = 0
Number of asset objects unloaded after import = 3
========================================================================
Received Import Request.
  Time since last request: 0.000044 seconds.
  path: Assets/Levels/mainlevbuild_179.asset
  artifactKey: Guid(11fcbf0633196ff42abbc7756377d0d4) Importer(815301076,1909f56bfc062723c751e8b465ee728b)
Start importing Assets/Levels/mainlevbuild_179.asset using Guid(11fcbf0633196ff42abbc7756377d0d4) Importer(815301076,1909f56bfc062723c751e8b465ee728b)  -> (artifact id: 'a782ed0d76a441abf245ea8c9c21509f') in 0.024069 seconds
Number of updated asset objects reloaded before import = 0
Number of asset objects unloaded after import = 3
========================================================================
Received Import Request.
  Time since last request: 0.000020 seconds.
  path: Assets/Levels/mainlevbuild_166.asset
  artifactKey: Guid(d019d4bbe3bcb9f44b2fdef278cd1092) Importer(815301076,1909f56bfc062723c751e8b465ee728b)
Start importing Assets/Levels/mainlevbuild_166.asset using Guid(d019d4bbe3bcb9f44b2fdef278cd1092) Importer(815301076,1909f56bfc062723c751e8b465ee728b)  -> (artifact id: 'd5299a525ede0aefc6ea85fd16986c42') in 0.031655 seconds
Number of updated asset objects reloaded before import = 0
Number of asset objects unloaded after import = 3
========================================================================
Received Import Request.
  Time since last request: 0.000027 seconds.
  path: Assets/Levels/mainlevbuild_155.asset
  artifactKey: Guid(75507c2ec7a73dc45ae9125b3d189ab4) Importer(815301076,1909f56bfc062723c751e8b465ee728b)
Start importing Assets/Levels/mainlevbuild_155.asset using Guid(75507c2ec7a73dc45ae9125b3d189ab4) Importer(815301076,1909f56bfc062723c751e8b465ee728b)  -> (artifact id: '0517d83648c78ce7fd7d3b476d632d3a') in 0.027523 seconds
Number of updated asset objects reloaded before import = 0
Number of asset objects unloaded after import = 3
========================================================================
Received Import Request.
  Time since last request: 0.000044 seconds.
  path: Assets/Levels/mainlevbuild_180.asset
  artifactKey: Guid(53e1c437f18fb4b478cbd94d2f8fab8b) Importer(815301076,1909f56bfc062723c751e8b465ee728b)
Start importing Assets/Levels/mainlevbuild_180.asset using Guid(53e1c437f18fb4b478cbd94d2f8fab8b) Importer(815301076,1909f56bfc062723c751e8b465ee728b)  -> (artifact id: 'ed07ebc090f029b78c45965ab22ff0f0') in 0.024856 seconds
Number of updated asset objects reloaded before import = 0
Number of asset objects unloaded after import = 3
========================================================================
Received Import Request.
  Time since last request: 0.000021 seconds.
  path: Assets/Levels/mainlevbuild_161.asset
  artifactKey: Guid(b44f31d8c034ed147b021c0856164854) Importer(815301076,1909f56bfc062723c751e8b465ee728b)
Start importing Assets/Levels/mainlevbuild_161.asset using Guid(b44f31d8c034ed147b021c0856164854) Importer(815301076,1909f56bfc062723c751e8b465ee728b)  -> (artifact id: 'b9f0ba2b37035ffcbf6ccf90d49ae2b6') in 0.029118 seconds
Number of updated asset objects reloaded before import = 0
Number of asset objects unloaded after import = 3
========================================================================
Received Import Request.
  Time since last request: 0.000030 seconds.
  path: Assets/Levels/mainlevbuild_255.asset
  artifactKey: Guid(03d5a3bc285e907448785ab008852b58) Importer(815301076,1909f56bfc062723c751e8b465ee728b)
Start importing Assets/Levels/mainlevbuild_255.asset using Guid(03d5a3bc285e907448785ab008852b58) Importer(815301076,1909f56bfc062723c751e8b465ee728b)  -> (artifact id: 'cf05e83c8a99fc143d5dfc7b0aea9621') in 0.030759 seconds
Number of updated asset objects reloaded before import = 0
Number of asset objects unloaded after import = 3
========================================================================
Received Import Request.
  Time since last request: 0.000034 seconds.
  path: Assets/Levels/mainlevbuild_159.asset
  artifactKey: Guid(563361870e348114a9198931630e7d25) Importer(815301076,1909f56bfc062723c751e8b465ee728b)
Start importing Assets/Levels/mainlevbuild_159.asset using Guid(563361870e348114a9198931630e7d25) Importer(815301076,1909f56bfc062723c751e8b465ee728b)  -> (artifact id: 'b985c12acbf34d5ed47a249a0ccd1508') in 0.030093 seconds
Number of updated asset objects reloaded before import = 0
Number of asset objects unloaded after import = 3
========================================================================
Received Import Request.
  Time since last request: 0.000033 seconds.
  path: Assets/Levels/mainlevbuild_92.asset
  artifactKey: Guid(5fa4d0efd17b3904b9b164c6296d5040) Importer(815301076,1909f56bfc062723c751e8b465ee728b)
Start importing Assets/Levels/mainlevbuild_92.asset using Guid(5fa4d0efd17b3904b9b164c6296d5040) Importer(815301076,1909f56bfc062723c751e8b465ee728b)  -> (artifact id: '20b1a841b9ba1dc9e27c1ffc5337a2f4') in 0.020484 seconds
Number of updated asset objects reloaded before import = 0
Number of asset objects unloaded after import = 3
========================================================================
Received Import Request.
  Time since last request: 0.000028 seconds.
  path: Assets/Levels/mainlevbuild_150.asset
  artifactKey: Guid(ed9846d8ce081a34da723fb5151b5909) Importer(815301076,1909f56bfc062723c751e8b465ee728b)
Start importing Assets/Levels/mainlevbuild_150.asset using Guid(ed9846d8ce081a34da723fb5151b5909) Importer(815301076,1909f56bfc062723c751e8b465ee728b)  -> (artifact id: '4c4d99ffc2c1458b96d321989a70f9fc') in 0.032196 seconds
Number of updated asset objects reloaded before import = 0
Number of asset objects unloaded after import = 3
========================================================================
Received Import Request.
  Time since last request: 0.000021 seconds.
  path: Assets/Levels/mainlevbuild_119.asset
  artifactKey: Guid(f0a491b55d3c99c4f8976f1c5236259f) Importer(815301076,1909f56bfc062723c751e8b465ee728b)
Start importing Assets/Levels/mainlevbuild_119.asset using Guid(f0a491b55d3c99c4f8976f1c5236259f) Importer(815301076,1909f56bfc062723c751e8b465ee728b)  -> (artifact id: '91d471cd974af95f9c192255093d7cb4') in 0.020158 seconds
Number of updated asset objects reloaded before import = 0
Number of asset objects unloaded after import = 3
========================================================================
Received Import Request.
  Time since last request: 0.000027 seconds.
  path: Assets/Levels/mainlevbuild_245.asset
  artifactKey: Guid(e09f3b7388a952b4092ae70713e282bf) Importer(815301076,1909f56bfc062723c751e8b465ee728b)
Start importing Assets/Levels/mainlevbuild_245.asset using Guid(e09f3b7388a952b4092ae70713e282bf) Importer(815301076,1909f56bfc062723c751e8b465ee728b)  -> (artifact id: '5cc71c57b2dc7070b794ac39b0ab4c9f') in 0.029750 seconds
Number of updated asset objects reloaded before import = 0
Number of asset objects unloaded after import = 3
========================================================================
Received Import Request.
  Time since last request: 0.000036 seconds.
  path: Assets/Levels/mainlevbuild_99.asset
  artifactKey: Guid(5ac4bd43df4a4424b8141fb659a81acb) Importer(815301076,1909f56bfc062723c751e8b465ee728b)
Start importing Assets/Levels/mainlevbuild_99.asset using Guid(5ac4bd43df4a4424b8141fb659a81acb) Importer(815301076,1909f56bfc062723c751e8b465ee728b)  -> (artifact id: '1109f0a55cebdac975c390775b55ad9c') in 0.033847 seconds
Number of updated asset objects reloaded before import = 0
Number of asset objects unloaded after import = 3
========================================================================
Received Import Request.
  Time since last request: 0.000035 seconds.
  path: Assets/Levels/mainlevbuild_257.asset
  artifactKey: Guid(d185980e11e3d004bba4b8944844b206) Importer(815301076,1909f56bfc062723c751e8b465ee728b)
Start importing Assets/Levels/mainlevbuild_257.asset using Guid(d185980e11e3d004bba4b8944844b206) Importer(815301076,1909f56bfc062723c751e8b465ee728b)  -> (artifact id: '00ea2bf8a86ef5e6fb147545a7df12c2') in 0.029671 seconds
Number of updated asset objects reloaded before import = 0
Number of asset objects unloaded after import = 3
========================================================================
Received Import Request.
  Time since last request: 0.000041 seconds.
  path: Assets/Levels/mainlevbuild_158.asset
  artifactKey: Guid(57d9b3dfc4cd21c4ca4b06ac353758e2) Importer(815301076,1909f56bfc062723c751e8b465ee728b)
Start importing Assets/Levels/mainlevbuild_158.asset using Guid(57d9b3dfc4cd21c4ca4b06ac353758e2) Importer(815301076,1909f56bfc062723c751e8b465ee728b)  -> (artifact id: 'e1e96f3c5561c9a68ca9fed07a56b00c') in 0.029949 seconds
Number of updated asset objects reloaded before import = 0
Number of asset objects unloaded after import = 3
========================================================================
Received Import Request.
  Time since last request: 0.000044 seconds.
  path: Assets/Levels/mainlevbuild_240.asset
  artifactKey: Guid(2d03a44013687314b8dae124aea67bf2) Importer(815301076,1909f56bfc062723c751e8b465ee728b)
Start importing Assets/Levels/mainlevbuild_240.asset using Guid(2d03a44013687314b8dae124aea67bf2) Importer(815301076,1909f56bfc062723c751e8b465ee728b)  -> (artifact id: '4aed03c7e680f7ccae2b34c99b606423') in 0.019316 seconds
Number of updated asset objects reloaded before import = 0
Number of asset objects unloaded after import = 3
========================================================================
Received Import Request.
  Time since last request: 0.000044 seconds.
  path: Assets/Levels/mainlevbuild_93.asset
  artifactKey: Guid(80fd6aa0a2397e54f8c1fd6aea9fab28) Importer(815301076,1909f56bfc062723c751e8b465ee728b)
Start importing Assets/Levels/mainlevbuild_93.asset using Guid(80fd6aa0a2397e54f8c1fd6aea9fab28) Importer(815301076,1909f56bfc062723c751e8b465ee728b)  -> (artifact id: '75eb2b71221fd4afba1135b2d6d62101') in 0.026812 seconds
Number of updated asset objects reloaded before import = 0
Number of asset objects unloaded after import = 3
========================================================================
Received Import Request.
  Time since last request: 0.000029 seconds.
  path: Assets/Levels/mainlevbuild_146.asset
  artifactKey: Guid(e8bde02de1225bf4c9a9395d99fcbaac) Importer(815301076,1909f56bfc062723c751e8b465ee728b)
Start importing Assets/Levels/mainlevbuild_146.asset using Guid(e8bde02de1225bf4c9a9395d99fcbaac) Importer(815301076,1909f56bfc062723c751e8b465ee728b)  -> (artifact id: '2f32293a14510dd0cc9674fc3ecdf3ec') in 0.027813 seconds
Number of updated asset objects reloaded before import = 0
Number of asset objects unloaded after import = 3
========================================================================
Received Import Request.
  Time since last request: 0.000029 seconds.
  path: Assets/Levels/mainlevbuild_167.asset
  artifactKey: Guid(56fc7b03c8884f447ac95eac1f946852) Importer(815301076,1909f56bfc062723c751e8b465ee728b)
Start importing Assets/Levels/mainlevbuild_167.asset using Guid(56fc7b03c8884f447ac95eac1f946852) Importer(815301076,1909f56bfc062723c751e8b465ee728b)  -> (artifact id: 'c9ad5c4b08f4aa97e4206dd0bd719391') in 0.018561 seconds
Number of updated asset objects reloaded before import = 0
Number of asset objects unloaded after import = 3
========================================================================
Received Import Request.
  Time since last request: 0.000148 seconds.
  path: Assets/Levels/mainlevbuild_125.asset
  artifactKey: Guid(f853a7fdd0b88c342a5890ed61ebb196) Importer(815301076,1909f56bfc062723c751e8b465ee728b)
Start importing Assets/Levels/mainlevbuild_125.asset using Guid(f853a7fdd0b88c342a5890ed61ebb196) Importer(815301076,1909f56bfc062723c751e8b465ee728b)  -> (artifact id: 'eb2967ca2a8af35c574118c4e24c0cc6') in 0.031377 seconds
Number of updated asset objects reloaded before import = 0
Number of asset objects unloaded after import = 3
========================================================================
Received Import Request.
  Time since last request: 0.000084 seconds.
  path: Assets/Levels/mainlevbuild_126.asset
  artifactKey: Guid(01841c974bcbaa54d9dc9d86138a2709) Importer(815301076,1909f56bfc062723c751e8b465ee728b)
Start importing Assets/Levels/mainlevbuild_126.asset using Guid(01841c974bcbaa54d9dc9d86138a2709) Importer(815301076,1909f56bfc062723c751e8b465ee728b)  -> (artifact id: '6ade1c39c78122ca685f0e210ed1eb0d') in 0.031355 seconds
Number of updated asset objects reloaded before import = 0
Number of asset objects unloaded after import = 3
========================================================================
Received Import Request.
  Time since last request: 0.000190 seconds.
  path: Assets/Levels/mainlevbuild_181.asset
  artifactKey: Guid(108389d6ddcc9a1449d7532ef99a6b6f) Importer(815301076,1909f56bfc062723c751e8b465ee728b)
Start importing Assets/Levels/mainlevbuild_181.asset using Guid(108389d6ddcc9a1449d7532ef99a6b6f) Importer(815301076,1909f56bfc062723c751e8b465ee728b)  -> (artifact id: 'c5a59d46bdd235d0254bffcef46d0e83') in 0.017868 seconds
Number of updated asset objects reloaded before import = 0
Number of asset objects unloaded after import = 3
========================================================================
Received Import Request.
  Time since last request: 0.000034 seconds.
  path: Assets/Levels/mainlevbuild_162.asset
  artifactKey: Guid(550e4d5483d6dc744a9eb4862d91b71e) Importer(815301076,1909f56bfc062723c751e8b465ee728b)
Start importing Assets/Levels/mainlevbuild_162.asset using Guid(550e4d5483d6dc744a9eb4862d91b71e) Importer(815301076,1909f56bfc062723c751e8b465ee728b)  -> (artifact id: 'b7ad01d7ebfbdceb22b945bece398e8c') in 0.031300 seconds
Number of updated asset objects reloaded before import = 0
Number of asset objects unloaded after import = 3
========================================================================
Received Import Request.
  Time since last request: 0.000033 seconds.
  path: Assets/Levels/mainlevbuild_129.asset
  artifactKey: Guid(eeca12138a4eef148bd015e68a49bf6d) Importer(815301076,1909f56bfc062723c751e8b465ee728b)
Start importing Assets/Levels/mainlevbuild_129.asset using Guid(eeca12138a4eef148bd015e68a49bf6d) Importer(815301076,1909f56bfc062723c751e8b465ee728b)  -> (artifact id: 'af44d65bf84388d619da0110516eadc0') in 0.031288 seconds
Number of updated asset objects reloaded before import = 0
Number of asset objects unloaded after import = 3
========================================================================
Received Import Request.
  Time since last request: 0.000031 seconds.
  path: Assets/Levels/mainlevbuild_123.asset
  artifactKey: Guid(a0014004cd2d7a0429542da1b15e39af) Importer(815301076,1909f56bfc062723c751e8b465ee728b)
Start importing Assets/Levels/mainlevbuild_123.asset using Guid(a0014004cd2d7a0429542da1b15e39af) Importer(815301076,1909f56bfc062723c751e8b465ee728b)  -> (artifact id: 'ac54075d7190078e1ca2485cb917d647') in 0.031305 seconds
Number of updated asset objects reloaded before import = 0
Number of asset objects unloaded after import = 3
========================================================================
Received Import Request.
  Time since last request: 0.000029 seconds.
  path: Assets/Levels/mainlevbuild_135.asset
  artifactKey: Guid(fb373007bc54fe14487ba201d7fe8249) Importer(815301076,1909f56bfc062723c751e8b465ee728b)
Start importing Assets/Levels/mainlevbuild_135.asset using Guid(fb373007bc54fe14487ba201d7fe8249) Importer(815301076,1909f56bfc062723c751e8b465ee728b)  -> (artifact id: 'e4c9649dcf7dc2e66d6d990db98c8132') in 0.026773 seconds
Number of updated asset objects reloaded before import = 0
Number of asset objects unloaded after import = 3
========================================================================
Received Import Request.
  Time since last request: 0.000043 seconds.
  path: Assets/Levels/mainlevbuild_98.asset
  artifactKey: Guid(cff8ef09d19cc284cb8c16a8c43bc77b) Importer(815301076,1909f56bfc062723c751e8b465ee728b)
Start importing Assets/Levels/mainlevbuild_98.asset using Guid(cff8ef09d19cc284cb8c16a8c43bc77b) Importer(815301076,1909f56bfc062723c751e8b465ee728b)  -> (artifact id: '418ff1f5ace0e4bb0a19a4f482c0cabe') in 0.030467 seconds
Number of updated asset objects reloaded before import = 0
Number of asset objects unloaded after import = 3
========================================================================
Received Import Request.
  Time since last request: 0.000048 seconds.
  path: Assets/Levels/mainlevbuild_252.asset
  artifactKey: Guid(fee2a8380aad62f4fb83c6252fae6d3f) Importer(815301076,1909f56bfc062723c751e8b465ee728b)
Start importing Assets/Levels/mainlevbuild_252.asset using Guid(fee2a8380aad62f4fb83c6252fae6d3f) Importer(815301076,1909f56bfc062723c751e8b465ee728b)  -> (artifact id: 'a6fc6e405f2dc27844eb5bd871b0975f') in 0.018382 seconds
Number of updated asset objects reloaded before import = 0
Number of asset objects unloaded after import = 3
========================================================================
Received Import Request.
  Time since last request: 0.000034 seconds.
  path: Assets/Levels/mainlevbuild_236.asset
  artifactKey: Guid(392f154994e20f449ae846ad4b65e269) Importer(815301076,1909f56bfc062723c751e8b465ee728b)
Start importing Assets/Levels/mainlevbuild_236.asset using Guid(392f154994e20f449ae846ad4b65e269) Importer(815301076,1909f56bfc062723c751e8b465ee728b)  -> (artifact id: 'b34d4aa5198644984e9143f60869b65f') in 0.032590 seconds
Number of updated asset objects reloaded before import = 0
Number of asset objects unloaded after import = 3
========================================================================
Received Import Request.
  Time since last request: 0.000076 seconds.
  path: Assets/Levels/mainlevbuild_128.asset
  artifactKey: Guid(4ab424b099d72bb45a025eeb15f4f9d7) Importer(815301076,1909f56bfc062723c751e8b465ee728b)
Start importing Assets/Levels/mainlevbuild_128.asset using Guid(4ab424b099d72bb45a025eeb15f4f9d7) Importer(815301076,1909f56bfc062723c751e8b465ee728b)  -> (artifact id: '06daa4e87ee193ea8d2d2fddec0f6222') in 0.032744 seconds
Number of updated asset objects reloaded before import = 0
Number of asset objects unloaded after import = 3
========================================================================
Received Import Request.
  Time since last request: 0.000051 seconds.
  path: Assets/Levels/mainlevbuild_118.asset
  artifactKey: Guid(3ae401a2e411b3047b4d7f63c9fb5b9a) Importer(815301076,1909f56bfc062723c751e8b465ee728b)
Start importing Assets/Levels/mainlevbuild_118.asset using Guid(3ae401a2e411b3047b4d7f63c9fb5b9a) Importer(815301076,1909f56bfc062723c751e8b465ee728b)  -> (artifact id: 'a3c1452f37cea13ca4ac72781b117b85') in 0.047755 seconds
Number of updated asset objects reloaded before import = 0
Number of asset objects unloaded after import = 3
========================================================================
Received Import Request.
  Time since last request: 6.481331 seconds.
  path: Assets/Levels/mainlevbuild_106.asset
  artifactKey: Guid(d0b6bc12d199b4947b572c5e3edb261c) Importer(815301076,1909f56bfc062723c751e8b465ee728b)
Start importing Assets/Levels/mainlevbuild_106.asset using Guid(d0b6bc12d199b4947b572c5e3edb261c) Importer(815301076,1909f56bfc062723c751e8b465ee728b)  -> (artifact id: '0074a2b58af3dd998877a4f5c41db940') in 0.031360 seconds
Number of updated asset objects reloaded before import = 0
Number of asset objects unloaded after import = 3
========================================================================
Received Import Request.
  Time since last request: 0.000139 seconds.
  path: Assets/Levels/mainlevbuild_111.asset
  artifactKey: Guid(38aaa020194221340a9fcd4827c43f1e) Importer(815301076,1909f56bfc062723c751e8b465ee728b)
Start importing Assets/Levels/mainlevbuild_111.asset using Guid(38aaa020194221340a9fcd4827c43f1e) Importer(815301076,1909f56bfc062723c751e8b465ee728b)  -> (artifact id: '56b2e550efa929275dc92b8367d0fc73') in 0.019780 seconds
Number of updated asset objects reloaded before import = 0
Number of asset objects unloaded after import = 3
========================================================================
Received Import Request.
  Time since last request: 0.000029 seconds.
  path: Assets/Levels/mainlevbuild_107.asset
  artifactKey: Guid(8485ea31f9370e9488d4cdd41ee8c870) Importer(815301076,1909f56bfc062723c751e8b465ee728b)
Start importing Assets/Levels/mainlevbuild_107.asset using Guid(8485ea31f9370e9488d4cdd41ee8c870) Importer(815301076,1909f56bfc062723c751e8b465ee728b)  -> (artifact id: '2d7e18a9a8f9a55c88f34b030fe30dab') in 0.021982 seconds
Number of updated asset objects reloaded before import = 0
Number of asset objects unloaded after import = 3
========================================================================
Received Import Request.
  Time since last request: 7.736607 seconds.
  path: Assets/Levels/mainlevbuild_135 1.asset
  artifactKey: Guid(3b3068484fdcf7a47a0e4329ed5ad0a4) Importer(815301076,1909f56bfc062723c751e8b465ee728b)
Start importing Assets/Levels/mainlevbuild_135 1.asset using Guid(3b3068484fdcf7a47a0e4329ed5ad0a4) Importer(815301076,1909f56bfc062723c751e8b465ee728b)  -> (artifact id: 'b2b344324c7e163c38b47c3cfea4af12') in 0.023956 seconds
Number of updated asset objects reloaded before import = 0
Number of asset objects unloaded after import = 3
========================================================================
Received Import Request.
  Time since last request: 0.861897 seconds.
  path: Assets/Levels/mainlevbuild_86 1.asset
  artifactKey: Guid(87dcd46d6d516854da1d318800e3a883) Importer(815301076,1909f56bfc062723c751e8b465ee728b)
Start importing Assets/Levels/mainlevbuild_86 1.asset using Guid(87dcd46d6d516854da1d318800e3a883) Importer(815301076,1909f56bfc062723c751e8b465ee728b)  -> (artifact id: '5fc6b3bc78ea1ea2e6b204ecb6fb2e2e') in 0.028070 seconds
Number of updated asset objects reloaded before import = 0
Number of asset objects unloaded after import = 3
========================================================================
Received Import Request.
  Time since last request: 4.016794 seconds.
  path: Assets/Levels/mainlevbuild_190.asset
  artifactKey: Guid(7a2cf20006fdc3c40bcfd7a13c203da0) Importer(815301076,1909f56bfc062723c751e8b465ee728b)
Start importing Assets/Levels/mainlevbuild_190.asset using Guid(7a2cf20006fdc3c40bcfd7a13c203da0) Importer(815301076,1909f56bfc062723c751e8b465ee728b)  -> (artifact id: 'c6f5c589382ba7380427eeee81113963') in 0.028580 seconds
Number of updated asset objects reloaded before import = 0
Number of asset objects unloaded after import = 3
========================================================================
Received Import Request.
  Time since last request: 0.000026 seconds.
  path: Assets/Levels/mainlevbuild_192.asset
  artifactKey: Guid(bf5a0180c45577c4bb53f840a32f6a28) Importer(815301076,1909f56bfc062723c751e8b465ee728b)
Start importing Assets/Levels/mainlevbuild_192.asset using Guid(bf5a0180c45577c4bb53f840a32f6a28) Importer(815301076,1909f56bfc062723c751e8b465ee728b)  -> (artifact id: '7c02963396e8f120b74a5602218fee35') in 0.026407 seconds
Number of updated asset objects reloaded before import = 0
Number of asset objects unloaded after import = 3
========================================================================
Received Import Request.
  Time since last request: 2.924021 seconds.
  path: Assets/Levels/mainlevbuild_195.asset
  artifactKey: Guid(ca42a31cbda00884186c518cc3453205) Importer(815301076,1909f56bfc062723c751e8b465ee728b)
Start importing Assets/Levels/mainlevbuild_195.asset using Guid(ca42a31cbda00884186c518cc3453205) Importer(815301076,1909f56bfc062723c751e8b465ee728b)  -> (artifact id: '18153b0264c41fab7a2c831b7ec8e719') in 0.032396 seconds
Number of updated asset objects reloaded before import = 0
Number of asset objects unloaded after import = 3
========================================================================
Received Import Request.
  Time since last request: 0.000020 seconds.
  path: Assets/Levels/mainlevbuild_196.asset
  artifactKey: Guid(bdd7329dd8158ed4a8700d64c3ebc12c) Importer(815301076,1909f56bfc062723c751e8b465ee728b)
Start importing Assets/Levels/mainlevbuild_196.asset using Guid(bdd7329dd8158ed4a8700d64c3ebc12c) Importer(815301076,1909f56bfc062723c751e8b465ee728b)  -> (artifact id: 'b42d3a5a09b7d9740a46deca2b27313c') in 0.023892 seconds
Number of updated asset objects reloaded before import = 0
Number of asset objects unloaded after import = 3
========================================================================
Received Import Request.
  Time since last request: 0.037543 seconds.
  path: Assets/Levels/mainlevbuild_213.asset
  artifactKey: Guid(f73fd0b549d25eb418ad842d38958d91) Importer(815301076,1909f56bfc062723c751e8b465ee728b)
Start importing Assets/Levels/mainlevbuild_213.asset using Guid(f73fd0b549d25eb418ad842d38958d91) Importer(815301076,1909f56bfc062723c751e8b465ee728b)  -> (artifact id: 'f5cf275bf4d9368e50d9bc28048d57d7') in 0.019043 seconds
Number of updated asset objects reloaded before import = 0
Number of asset objects unloaded after import = 3
========================================================================
Received Import Request.
  Time since last request: 0.000028 seconds.
  path: Assets/Levels/mainlevbuild_216.asset
  artifactKey: Guid(8a79828c718524547a7916081ceb62b1) Importer(815301076,1909f56bfc062723c751e8b465ee728b)
Start importing Assets/Levels/mainlevbuild_216.asset using Guid(8a79828c718524547a7916081ceb62b1) Importer(815301076,1909f56bfc062723c751e8b465ee728b)  -> (artifact id: 'e8993cf7c9b00bc78eb1611e382ce30e') in 0.017493 seconds
Number of updated asset objects reloaded before import = 0
Number of asset objects unloaded after import = 3
========================================================================
Received Import Request.
  Time since last request: 16.583590 seconds.
  path: Assets/Levels/mainlevbuild_291 1.asset
  artifactKey: Guid(1534ae3281297644fab099782075b2c6) Importer(815301076,1909f56bfc062723c751e8b465ee728b)
Start importing Assets/Levels/mainlevbuild_291 1.asset using Guid(1534ae3281297644fab099782075b2c6) Importer(815301076,1909f56bfc062723c751e8b465ee728b)  -> (artifact id: 'f149833bde77c98a5dbf04d355b053af') in 0.022369 seconds
Number of updated asset objects reloaded before import = 0
Number of asset objects unloaded after import = 3
========================================================================
Received Import Request.
  Time since last request: 0.000025 seconds.
  path: Assets/Levels/mainlevbuild_292.asset
  artifactKey: Guid(c28f83ebc6b0c464683021fc2395f17a) Importer(815301076,1909f56bfc062723c751e8b465ee728b)
Start importing Assets/Levels/mainlevbuild_292.asset using Guid(c28f83ebc6b0c464683021fc2395f17a) Importer(815301076,1909f56bfc062723c751e8b465ee728b)  -> (artifact id: '6186992e69a6420f807390d29af1b015') in 0.016390 seconds
Number of updated asset objects reloaded before import = 0
Number of asset objects unloaded after import = 3
========================================================================
Received Import Request.
  Time since last request: 9.673096 seconds.
  path: Assets/Levels/mainlevbuild_329.asset
  artifactKey: Guid(32a6700ddb243e94198b419c90e19346) Importer(815301076,1909f56bfc062723c751e8b465ee728b)
Start importing Assets/Levels/mainlevbuild_329.asset using Guid(32a6700ddb243e94198b419c90e19346) Importer(815301076,1909f56bfc062723c751e8b465ee728b)  -> (artifact id: 'fefbff0da38f6f20d80beb9453ac73f1') in 0.049599 seconds
Number of updated asset objects reloaded before import = 0
Number of asset objects unloaded after import = 3
========================================================================
Received Import Request.
  Time since last request: 1.957902 seconds.
  path: Assets/Levels/mainlevbuild_340.asset
  artifactKey: Guid(cf6a4d7a182d90f418e5d1e9fc2dc31c) Importer(815301076,1909f56bfc062723c751e8b465ee728b)
Start importing Assets/Levels/mainlevbuild_340.asset using Guid(cf6a4d7a182d90f418e5d1e9fc2dc31c) Importer(815301076,1909f56bfc062723c751e8b465ee728b)  -> (artifact id: '5d67d4fd88f53f996c9966683dbe5195') in 0.025140 seconds
Number of updated asset objects reloaded before import = 0
Number of asset objects unloaded after import = 3
========================================================================
Received Import Request.
  Time since last request: 0.000086 seconds.
  path: Assets/Levels/mainlevbuild_347.asset
  artifactKey: Guid(0db3c2ccad7ed9648b2d5ebbe6469ff7) Importer(815301076,1909f56bfc062723c751e8b465ee728b)
Start importing Assets/Levels/mainlevbuild_347.asset using Guid(0db3c2ccad7ed9648b2d5ebbe6469ff7) Importer(815301076,1909f56bfc062723c751e8b465ee728b)  -> (artifact id: 'e7e0bb27df699ef3e88bea38f8f54da2') in 0.027245 seconds
Number of updated asset objects reloaded before import = 0
Number of asset objects unloaded after import = 3
========================================================================
Received Import Request.
  Time since last request: 0.793816 seconds.
  path: Assets/Levels/mainlevbuild_350.asset
  artifactKey: Guid(f9412e666a23f6b40bf1736bc7e0ac74) Importer(815301076,1909f56bfc062723c751e8b465ee728b)
Start importing Assets/Levels/mainlevbuild_350.asset using Guid(f9412e666a23f6b40bf1736bc7e0ac74) Importer(815301076,1909f56bfc062723c751e8b465ee728b)  -> (artifact id: '4620ba304c8537ae1ddbc6f7f7b76f3f') in 0.024392 seconds
Number of updated asset objects reloaded before import = 0
Number of asset objects unloaded after import = 3
========================================================================
Received Import Request.
  Time since last request: 0.000029 seconds.
  path: Assets/Levels/mainlevbuild_351.asset
  artifactKey: Guid(5a443b00927d3f14eb8875b9967c615d) Importer(815301076,1909f56bfc062723c751e8b465ee728b)
Start importing Assets/Levels/mainlevbuild_351.asset using Guid(5a443b00927d3f14eb8875b9967c615d) Importer(815301076,1909f56bfc062723c751e8b465ee728b)  -> (artifact id: 'b5d13e32528af006b16633d5ddcf2d15') in 0.023920 seconds
Number of updated asset objects reloaded before import = 0
Number of asset objects unloaded after import = 3
========================================================================
Received Import Request.
  Time since last request: 10.607393 seconds.
  path: Assets/Levels/mainlevbuild_434.asset
  artifactKey: Guid(12f637268b011b547b11d84f38f05196) Importer(815301076,1909f56bfc062723c751e8b465ee728b)
Start importing Assets/Levels/mainlevbuild_434.asset using Guid(12f637268b011b547b11d84f38f05196) Importer(815301076,1909f56bfc062723c751e8b465ee728b)  -> (artifact id: 'b695b441d22d7ac71d82bcde53984cc9') in 0.026822 seconds
Number of updated asset objects reloaded before import = 0
Number of asset objects unloaded after import = 3
========================================================================
Received Import Request.
  Time since last request: 2.041077 seconds.
  path: Assets/Levels/mainlevbuild_507.asset
  artifactKey: Guid(1ec30568dde06b6499a85888f1317525) Importer(815301076,1909f56bfc062723c751e8b465ee728b)
Start importing Assets/Levels/mainlevbuild_507.asset using Guid(1ec30568dde06b6499a85888f1317525) Importer(815301076,1909f56bfc062723c751e8b465ee728b)  -> (artifact id: '4bce7ec79397cf49f6bc01f127c474ca') in 0.020650 seconds
Number of updated asset objects reloaded before import = 0
Number of asset objects unloaded after import = 3
========================================================================
Received Import Request.
  Time since last request: 0.000030 seconds.
  path: Assets/Levels/mainlevbuild_515.asset
  artifactKey: Guid(5d18a1d01cf224644899d21527a2432e) Importer(815301076,1909f56bfc062723c751e8b465ee728b)
Start importing Assets/Levels/mainlevbuild_515.asset using Guid(5d18a1d01cf224644899d21527a2432e) Importer(815301076,1909f56bfc062723c751e8b465ee728b)  -> (artifact id: '58b04c6464ca4c27d8ce71ae30c184de') in 0.018668 seconds
Number of updated asset objects reloaded before import = 0
Number of asset objects unloaded after import = 3
========================================================================
Received Prepare
Begin MonoManager ReloadAssembly
- Loaded All Assemblies, in  0.776 seconds
Refreshing native plugins compatible for Editor in 8.17 ms, found 4 plugins.
Native extension for WindowsStandalone target not found
[Package Manager] Server::EnsureServerProcessIsRunning -- launch failed, reason: Unity was launched with the -noUpm command-line argument
[Package Manager] UpmClient::Send -- Unable to send message (not connected to UPM process).
[Package Manager] Cannot connect to Unity Package Manager local server
Mono: successfully reloaded assembly
- Finished resetting the current domain, in  3.026 seconds
Domain Reload Profiling: 3799ms
	BeginReloadAssembly (249ms)
		ExecutionOrderSort (0ms)
		DisableScriptedObjects (19ms)
		BackupInstance (0ms)
		ReleaseScriptingObjects (0ms)
		CreateAndSetChildDomain (57ms)
	RebuildCommonClasses (59ms)
	RebuildNativeTypeToScriptingClass (26ms)
	initialDomainReloadingComplete (43ms)
	LoadAllAssembliesAndSetupDomain (395ms)
		LoadAssemblies (478ms)
		RebuildTransferFunctionScriptingTraits (0ms)
		AnalyzeDomain (41ms)
			TypeCache.Refresh (13ms)
				TypeCache.ScanAssembly (0ms)
			ScanForSourceGeneratedMonoScriptInfo (0ms)
			ResolveRequiredComponents (26ms)
	FinalizeReload (3027ms)
		ReleaseScriptCaches (0ms)
		RebuildScriptCaches (0ms)
		SetupLoadedEditorAssemblies (1425ms)
			LogAssemblyErrors (0ms)
			InitializePlatformSupportModulesInManaged (15ms)
			SetLoadedEditorAssemblies (15ms)
			RefreshPlugins (0ms)
			BeforeProcessingInitializeOnLoad (231ms)
			ProcessInitializeOnLoadAttributes (932ms)
			ProcessInitializeOnLoadMethodAttributes (216ms)
			AfterProcessingInitializeOnLoad (16ms)
			EditorAssembliesLoaded (1ms)
		ExecutionOrderSort2 (0ms)
		AwakeInstancesAfterBackupRestoration (38ms)
Refreshing native plugins compatible for Editor in 10.65 ms, found 4 plugins.
Preloading 0 native plugins for Editor in 0.00 ms.
Unloading 5495 Unused Serialized files (Serialized files now loaded: 0)
Unloading 56 unused Assets / (0.9 MB). Loaded Objects now: 6064.
Memory consumption went from 192.8 MB to 192.0 MB.
Total: 13.131600 ms (FindLiveObjects: 3.519200 ms CreateObjectMapping: 0.628700 ms MarkObjects: 7.760400 ms  DeleteObjects: 1.220900 ms)

Prepare: number of updated asset objects reloaded= 0
AssetImportParameters requested are different than current active one (requested -> active):
  custom:container-demuxer-ogg: 62fdf1f143b41e24485cea50d1cbac27 -> 
  custom:video-decoder-ogg-theora: a1e56fd34408186e4bbccfd4996cb3dc -> 
  custom:framework-win-MediaFoundation: 216162199b28c13a410421893ffa2e32 -> 
  custom:CustomObjectIndexerAttribute: a3ef5dd2817f97addfee359851a9dba5 -> 
  custom:container-demuxer-webm: 4f35f7cbe854078d1ac9338744f61a02 -> 
  custom:container-muxer-webm: aa71ff27fc2769a1b78a27578f13a17b -> 
  custom:video-decoder-webm-vp8: 9c59270c3fd7afecdb556c50c9e8de78 -> 
  custom:SearchIndexIgnoredProperties: e643bd26f0fe6173181afceb89e7c659 -> 
  custom:AudioImporter_EditorPlatform: d09bf68614088b80899f8185d706f6e7 -> 
  custom:video-encoder-webm-vp8: eb34c28f22e8b96e1ab97ce403110664 -> 
  custom:audio-decoder-ogg-vorbis: bf7c407c2cedff20999df2af8eb42d56 -> 
  custom:audio-encoder-webm-vorbis: bf7c407c2cedff20999df2af8eb42d56 -> 
Editor requested this worker to shutdown with reason: Scaling down because of idle timeout
TcpMessagingSession - receive error: operation aborted. errorcode: 995, details: Η λειτουργία εισόδου/εξόδου ματαιώθηκε εξαιτίας μιας εξόδου από το νήμα ή μιας αίτησης από κάποια εφαρμογή.
AssetImportWorker is now disconnected from the server
Process exiting
Exiting without the bug reporter. Application will terminate with return code 0