Using pre-set license
Built from '2022.3/staging' branch; Version is '2022.3.9f1 (ea401c316338) revision 15351836'; Using compiler version '192829333'; Build Type 'Release'
OS: 'Windows 11  (10.0.22631) 64bit Professional' Language: 'el' Physical Memory: 7872 MB
BatchMode: 1, IsHumanControllingUs: 0, StartBugReporterOnCrash: 0, Is64bit: 1, IsPro: 1

COMMAND LINE ARGUMENTS:
C:\Program Files\Unity\Hub\Editor\2022.3.9f1\Editor\Unity.exe
-adb2
-batchMode
-noUpm
-name
AssetImportWorker0
-projectPath
C:/Users/user/Desktop/mindscape/Mindscape Odyssey
-logFile
Logs/AssetImportWorker0.log
-srvPort
52511
Successfully changed project path to: C:/Users/user/Desktop/mindscape/Mindscape Odyssey
C:/Users/user/Desktop/mindscape/Mindscape Odyssey
[UnityMemory] Configuration Parameters - Can be set up in boot.config
    "memorysetup-bucket-allocator-granularity=16"
    "memorysetup-bucket-allocator-bucket-count=8"
    "memorysetup-bucket-allocator-block-size=33554432"
    "memorysetup-bucket-allocator-block-count=8"
    "memorysetup-main-allocator-block-size=16777216"
    "memorysetup-thread-allocator-block-size=16777216"
    "memorysetup-gfx-main-allocator-block-size=16777216"
    "memorysetup-gfx-thread-allocator-block-size=16777216"
    "memorysetup-cache-allocator-block-size=4194304"
    "memorysetup-typetree-allocator-block-size=2097152"
    "memorysetup-profiler-bucket-allocator-granularity=16"
    "memorysetup-profiler-bucket-allocator-bucket-count=8"
    "memorysetup-profiler-bucket-allocator-block-size=33554432"
    "memorysetup-profiler-bucket-allocator-block-count=8"
    "memorysetup-profiler-allocator-block-size=16777216"
    "memorysetup-profiler-editor-allocator-block-size=1048576"
    "memorysetup-temp-allocator-size-main=16777216"
    "memorysetup-job-temp-allocator-block-size=2097152"
    "memorysetup-job-temp-allocator-block-size-background=1048576"
    "memorysetup-job-temp-allocator-reduction-small-platforms=262144"
    "memorysetup-allocator-temp-initial-block-size-main=262144"
    "memorysetup-allocator-temp-initial-block-size-worker=262144"
    "memorysetup-temp-allocator-size-background-worker=32768"
    "memorysetup-temp-allocator-size-job-worker=262144"
    "memorysetup-temp-allocator-size-preload-manager=33554432"
    "memorysetup-temp-allocator-size-nav-mesh-worker=65536"
    "memorysetup-temp-allocator-size-audio-worker=65536"
    "memorysetup-temp-allocator-size-cloud-worker=32768"
    "memorysetup-temp-allocator-size-gi-baking-worker=262144"
    "memorysetup-temp-allocator-size-gfx=262144"
Player connection [16260] Host "[IP] 192.168.1.49 [Port] 0 [Flags] 2 [Guid] 271968518 [EditorId] 271968518 [Version] 1048832 [Id] WindowsEditor(7,DESKTOP-9QQE4U6) [Debug] 1 [PackageName] WindowsEditor [ProjectName] Editor" joined multi-casting on [225.0.0.222:54997]...

Player connection [16260] Host "[IP] 192.168.1.49 [Port] 0 [Flags] 2 [Guid] 271968518 [EditorId] 271968518 [Version] 1048832 [Id] WindowsEditor(7,DESKTOP-9QQE4U6) [Debug] 1 [PackageName] WindowsEditor [ProjectName] Editor" joined alternative multi-casting on [225.0.0.222:34997]...

[Physics::Module] Initialized MultithreadedJobDispatcher with 7 workers.
Refreshing native plugins compatible for Editor in 60.50 ms, found 4 plugins.
Preloading 0 native plugins for Editor in 0.00 ms.
Initialize engine version: 2022.3.9f1 (ea401c316338)
[Subsystems] Discovering subsystems at path C:/Program Files/Unity/Hub/Editor/2022.3.9f1/Editor/Data/Resources/UnitySubsystems
[Subsystems] Discovering subsystems at path C:/Users/user/Desktop/mindscape/Mindscape Odyssey/Assets
GfxDevice: creating device client; threaded=0; jobified=0
Direct3D:
    Version:  Direct3D 11.0 [level 11.1]
    Renderer: Intel(R) Iris(R) Xe Graphics (ID=0x9a49)
    Vendor:   Intel
    VRAM:     3936 MB
    Driver:   31.0.101.4887
Initialize mono
Mono path[0] = 'C:/Program Files/Unity/Hub/Editor/2022.3.9f1/Editor/Data/Managed'
Mono path[1] = 'C:/Program Files/Unity/Hub/Editor/2022.3.9f1/Editor/Data/MonoBleedingEdge/lib/mono/unityjit-win32'
Mono config path = 'C:/Program Files/Unity/Hub/Editor/2022.3.9f1/Editor/Data/MonoBleedingEdge/etc'
Using monoOptions --debugger-agent=transport=dt_socket,embedding=1,server=y,suspend=n,address=127.0.0.1:56752
Begin MonoManager ReloadAssembly
Registering precompiled unity dll's ...
Register platform support module: C:/Program Files/Unity/Hub/Editor/2022.3.9f1/Editor/Data/PlaybackEngines/WindowsStandaloneSupport/UnityEditor.WindowsStandalone.Extensions.dll
Registered in 0.031393 seconds.
- Loaded All Assemblies, in  1.889 seconds
Native extension for WindowsStandalone target not found
Mono: successfully reloaded assembly
- Finished resetting the current domain, in  1.565 seconds
Domain Reload Profiling: 3449ms
	BeginReloadAssembly (664ms)
		ExecutionOrderSort (0ms)
		DisableScriptedObjects (0ms)
		BackupInstance (0ms)
		ReleaseScriptingObjects (0ms)
		CreateAndSetChildDomain (5ms)
	RebuildCommonClasses (165ms)
	RebuildNativeTypeToScriptingClass (54ms)
	initialDomainReloadingComplete (293ms)
	LoadAllAssembliesAndSetupDomain (705ms)
		LoadAssemblies (652ms)
		RebuildTransferFunctionScriptingTraits (0ms)
		AnalyzeDomain (700ms)
			TypeCache.Refresh (694ms)
				TypeCache.ScanAssembly (641ms)
			ScanForSourceGeneratedMonoScriptInfo (2ms)
			ResolveRequiredComponents (2ms)
	FinalizeReload (1567ms)
		ReleaseScriptCaches (0ms)
		RebuildScriptCaches (0ms)
		SetupLoadedEditorAssemblies (1213ms)
			LogAssemblyErrors (0ms)
			InitializePlatformSupportModulesInManaged (41ms)
			SetLoadedEditorAssemblies (50ms)
			RefreshPlugins (0ms)
			BeforeProcessingInitializeOnLoad (13ms)
			ProcessInitializeOnLoadAttributes (877ms)
			ProcessInitializeOnLoadMethodAttributes (230ms)
			AfterProcessingInitializeOnLoad (0ms)
			EditorAssembliesLoaded (1ms)
		ExecutionOrderSort2 (0ms)
		AwakeInstancesAfterBackupRestoration (0ms)
========================================================================
Worker process is ready to serve import requests
Begin MonoManager ReloadAssembly
- Loaded All Assemblies, in  4.274 seconds
Refreshing native plugins compatible for Editor in 68.16 ms, found 4 plugins.
Native extension for WindowsStandalone target not found
Package Manager log level set to [2]
[Package Manager] Server::EnsureServerProcessIsRunning -- launch failed, reason: Unity was launched with the -noUpm command-line argument
[Package Manager] UpmClient::Send -- Unable to send message (not connected to UPM process).
[Package Manager] Cannot connect to Unity Package Manager local server
Mono: successfully reloaded assembly
- Finished resetting the current domain, in  4.306 seconds
Domain Reload Profiling: 8574ms
	BeginReloadAssembly (667ms)
		ExecutionOrderSort (0ms)
		DisableScriptedObjects (37ms)
		BackupInstance (0ms)
		ReleaseScriptingObjects (0ms)
		CreateAndSetChildDomain (103ms)
	RebuildCommonClasses (179ms)
	RebuildNativeTypeToScriptingClass (92ms)
	initialDomainReloadingComplete (277ms)
	LoadAllAssembliesAndSetupDomain (3050ms)
		LoadAssemblies (1944ms)
		RebuildTransferFunctionScriptingTraits (0ms)
		AnalyzeDomain (1454ms)
			TypeCache.Refresh (1095ms)
				TypeCache.ScanAssembly (1017ms)
			ScanForSourceGeneratedMonoScriptInfo (161ms)
			ResolveRequiredComponents (188ms)
	FinalizeReload (4310ms)
		ReleaseScriptCaches (0ms)
		RebuildScriptCaches (0ms)
		SetupLoadedEditorAssemblies (2679ms)
			LogAssemblyErrors (0ms)
			InitializePlatformSupportModulesInManaged (47ms)
			SetLoadedEditorAssemblies (31ms)
			RefreshPlugins (0ms)
			BeforeProcessingInitializeOnLoad (461ms)
			ProcessInitializeOnLoadAttributes (1748ms)
			ProcessInitializeOnLoadMethodAttributes (378ms)
			AfterProcessingInitializeOnLoad (13ms)
			EditorAssembliesLoaded (1ms)
		ExecutionOrderSort2 (0ms)
		AwakeInstancesAfterBackupRestoration (34ms)
Launched and connected shader compiler UnityShaderCompiler.exe after 0.19 seconds
Refreshing native plugins compatible for Editor in 50.71 ms, found 4 plugins.
Preloading 0 native plugins for Editor in 0.00 ms.
Unloading 5578 Unused Serialized files (Serialized files now loaded: 0)
Unloading 92 unused Assets / (0.9 MB). Loaded Objects now: 6052.
Memory consumption went from 207.6 MB to 206.8 MB.
Total: 18.460200 ms (FindLiveObjects: 1.366600 ms CreateObjectMapping: 0.875600 ms MarkObjects: 13.131700 ms  DeleteObjects: 3.083000 ms)

AssetImportParameters requested are different than current active one (requested -> active):
  custom:container-demuxer-ogg: 62fdf1f143b41e24485cea50d1cbac27 -> 
  custom:video-decoder-ogg-theora: a1e56fd34408186e4bbccfd4996cb3dc -> 
  custom:framework-win-MediaFoundation: 216162199b28c13a410421893ffa2e32 -> 
  custom:CustomObjectIndexerAttribute: a3ef5dd2817f97addfee359851a9dba5 -> 
  custom:container-demuxer-webm: 4f35f7cbe854078d1ac9338744f61a02 -> 
  custom:container-muxer-webm: aa71ff27fc2769a1b78a27578f13a17b -> 
  custom:video-decoder-webm-vp8: 9c59270c3fd7afecdb556c50c9e8de78 -> 
  custom:SearchIndexIgnoredProperties: e643bd26f0fe6173181afceb89e7c659 -> 
  custom:AudioImporter_EditorPlatform: d09bf68614088b80899f8185d706f6e7 -> 
  custom:video-encoder-webm-vp8: eb34c28f22e8b96e1ab97ce403110664 -> 
  custom:audio-decoder-ogg-vorbis: bf7c407c2cedff20999df2af8eb42d56 -> 
  custom:audio-encoder-webm-vorbis: bf7c407c2cedff20999df2af8eb42d56 -> 
========================================================================
Received Import Request.
  Time since last request: 62861.156378 seconds.
  path: Assets/Levels/Dark Forest/Area1 Assets/ForGround/FrontGround 3.png
  artifactKey: Guid(c99ba43d1e992b94dbb291a772ee4f03) Importer(815301076,1909f56bfc062723c751e8b465ee728b)
Start importing Assets/Levels/Dark Forest/Area1 Assets/ForGround/FrontGround 3.png using Guid(c99ba43d1e992b94dbb291a772ee4f03) Importer(815301076,1909f56bfc062723c751e8b465ee728b)  -> (artifact id: '07519ca174e36b0dbb965aa48f44945f') in 0.584480 seconds
Number of updated asset objects reloaded before import = 0
Number of asset objects unloaded after import = 3
========================================================================
Received Import Request.
  Time since last request: 0.000135 seconds.
  path: Assets/Levels/Dark Forest/Area1 Assets/Background/Tree 6.png
  artifactKey: Guid(57a53dd06699eb447bf733e8badf954e) Importer(815301076,1909f56bfc062723c751e8b465ee728b)
Start importing Assets/Levels/Dark Forest/Area1 Assets/Background/Tree 6.png using Guid(57a53dd06699eb447bf733e8badf954e) Importer(815301076,1909f56bfc062723c751e8b465ee728b)  -> (artifact id: '8e8aea551310ddbcb6db1c58db5e6319') in 0.164777 seconds
Number of updated asset objects reloaded before import = 0
Number of asset objects unloaded after import = 3
========================================================================
Received Import Request.
  Time since last request: 0.000043 seconds.
  path: Assets/Levels/Dark Forest/Area1 Assets/Background/Tree 5.png
  artifactKey: Guid(20b494f871f1a1f469bbb6006673c723) Importer(815301076,1909f56bfc062723c751e8b465ee728b)
Start importing Assets/Levels/Dark Forest/Area1 Assets/Background/Tree 5.png using Guid(20b494f871f1a1f469bbb6006673c723) Importer(815301076,1909f56bfc062723c751e8b465ee728b)  -> (artifact id: '7d334cad4afc92823a2d128acd5ed63b') in 0.160027 seconds
Number of updated asset objects reloaded before import = 0
Number of asset objects unloaded after import = 3
========================================================================
Received Import Request.
  Time since last request: 0.000170 seconds.
  path: Assets/Levels/Dark Forest/Area1 Assets/ForGround/FrontGround 2.png
  artifactKey: Guid(6a78f8de1f9e87648820916fe6ebf20a) Importer(815301076,1909f56bfc062723c751e8b465ee728b)
Start importing Assets/Levels/Dark Forest/Area1 Assets/ForGround/FrontGround 2.png using Guid(6a78f8de1f9e87648820916fe6ebf20a) Importer(815301076,1909f56bfc062723c751e8b465ee728b)  -> (artifact id: '22159189a62afe43d0268d85092dd715') in 0.121033 seconds
Number of updated asset objects reloaded before import = 0
Number of asset objects unloaded after import = 3
========================================================================
Received Import Request.
  Time since last request: 0.179484 seconds.
  path: Assets/Levels/Dark Forest/Area1 Assets/MidGround/Ground 2.png
  artifactKey: Guid(681d004f6b423fa45ae86cb513f1f94e) Importer(815301076,1909f56bfc062723c751e8b465ee728b)
Start importing Assets/Levels/Dark Forest/Area1 Assets/MidGround/Ground 2.png using Guid(681d004f6b423fa45ae86cb513f1f94e) Importer(815301076,1909f56bfc062723c751e8b465ee728b)  -> (artifact id: '2c2b745d550cdbfe71dfde8075b9cf2c') in 0.085098 seconds
Number of updated asset objects reloaded before import = 0
Number of asset objects unloaded after import = 3
========================================================================
Received Import Request.
  Time since last request: 0.001137 seconds.
  path: Assets/Levels/Dark Forest/Area1 Assets/MidGround/Tree 2.png
  artifactKey: Guid(f7826ee4028af1849948f0559b3c8853) Importer(815301076,1909f56bfc062723c751e8b465ee728b)
Start importing Assets/Levels/Dark Forest/Area1 Assets/MidGround/Tree 2.png using Guid(f7826ee4028af1849948f0559b3c8853) Importer(815301076,1909f56bfc062723c751e8b465ee728b)  -> (artifact id: '8b5cdde3a0f3456a7d8ee88a3a6dce5e') in 0.231525 seconds
Number of updated asset objects reloaded before import = 0
Number of asset objects unloaded after import = 3
========================================================================
Received Prepare
Begin MonoManager ReloadAssembly
- Loaded All Assemblies, in  2.062 seconds
Refreshing native plugins compatible for Editor in 9.29 ms, found 4 plugins.
Native extension for WindowsStandalone target not found
[Package Manager] Server::EnsureServerProcessIsRunning -- launch failed, reason: Unity was launched with the -noUpm command-line argument
[Package Manager] UpmClient::Send -- Unable to send message (not connected to UPM process).
[Package Manager] Cannot connect to Unity Package Manager local server
Mono: successfully reloaded assembly
- Finished resetting the current domain, in 10.268 seconds
Domain Reload Profiling: 12323ms
	BeginReloadAssembly (610ms)
		ExecutionOrderSort (0ms)
		DisableScriptedObjects (50ms)
		BackupInstance (0ms)
		ReleaseScriptingObjects (1ms)
		CreateAndSetChildDomain (219ms)
	RebuildCommonClasses (124ms)
	RebuildNativeTypeToScriptingClass (27ms)
	initialDomainReloadingComplete (93ms)
	LoadAllAssembliesAndSetupDomain (1199ms)
		LoadAssemblies (1385ms)
		RebuildTransferFunctionScriptingTraits (0ms)
		AnalyzeDomain (74ms)
			TypeCache.Refresh (28ms)
				TypeCache.ScanAssembly (0ms)
			ScanForSourceGeneratedMonoScriptInfo (0ms)
			ResolveRequiredComponents (44ms)
	FinalizeReload (10270ms)
		ReleaseScriptCaches (0ms)
		RebuildScriptCaches (0ms)
		SetupLoadedEditorAssemblies (4013ms)
			LogAssemblyErrors (0ms)
			InitializePlatformSupportModulesInManaged (56ms)
			SetLoadedEditorAssemblies (41ms)
			RefreshPlugins (0ms)
			BeforeProcessingInitializeOnLoad (683ms)
			ProcessInitializeOnLoadAttributes (2625ms)
			ProcessInitializeOnLoadMethodAttributes (574ms)
			AfterProcessingInitializeOnLoad (32ms)
			EditorAssembliesLoaded (2ms)
		ExecutionOrderSort2 (0ms)
		AwakeInstancesAfterBackupRestoration (71ms)
Refreshing native plugins compatible for Editor in 24.71 ms, found 4 plugins.
Preloading 0 native plugins for Editor in 0.00 ms.
Unloading 5494 Unused Serialized files (Serialized files now loaded: 0)
Unloading 56 unused Assets / (0.9 MB). Loaded Objects now: 6063.
Memory consumption went from 193.0 MB to 192.2 MB.
Total: 20.410100 ms (FindLiveObjects: 1.120900 ms CreateObjectMapping: 0.961200 ms MarkObjects: 15.788400 ms  DeleteObjects: 2.534500 ms)

Prepare: number of updated asset objects reloaded= 0
AssetImportParameters requested are different than current active one (requested -> active):
  custom:container-demuxer-ogg: 62fdf1f143b41e24485cea50d1cbac27 -> 
  custom:video-decoder-ogg-theora: a1e56fd34408186e4bbccfd4996cb3dc -> 
  custom:framework-win-MediaFoundation: 216162199b28c13a410421893ffa2e32 -> 
  custom:CustomObjectIndexerAttribute: a3ef5dd2817f97addfee359851a9dba5 -> 
  custom:container-demuxer-webm: 4f35f7cbe854078d1ac9338744f61a02 -> 
  custom:container-muxer-webm: aa71ff27fc2769a1b78a27578f13a17b -> 
  custom:video-decoder-webm-vp8: 9c59270c3fd7afecdb556c50c9e8de78 -> 
  custom:SearchIndexIgnoredProperties: e643bd26f0fe6173181afceb89e7c659 -> 
  custom:AudioImporter_EditorPlatform: d09bf68614088b80899f8185d706f6e7 -> 
  custom:video-encoder-webm-vp8: eb34c28f22e8b96e1ab97ce403110664 -> 
  custom:audio-decoder-ogg-vorbis: bf7c407c2cedff20999df2af8eb42d56 -> 
  custom:audio-encoder-webm-vorbis: bf7c407c2cedff20999df2af8eb42d56 -> 
========================================================================
Received Prepare
Begin MonoManager ReloadAssembly
- Loaded All Assemblies, in  1.407 seconds
Refreshing native plugins compatible for Editor in 7.74 ms, found 4 plugins.
Native extension for WindowsStandalone target not found
[Package Manager] Server::EnsureServerProcessIsRunning -- launch failed, reason: Unity was launched with the -noUpm command-line argument
[Package Manager] UpmClient::Send -- Unable to send message (not connected to UPM process).
[Package Manager] Cannot connect to Unity Package Manager local server
Mono: successfully reloaded assembly
- Finished resetting the current domain, in  4.925 seconds
Domain Reload Profiling: 6325ms
	BeginReloadAssembly (461ms)
		ExecutionOrderSort (0ms)
		DisableScriptedObjects (32ms)
		BackupInstance (0ms)
		ReleaseScriptingObjects (0ms)
		CreateAndSetChildDomain (115ms)
	RebuildCommonClasses (149ms)
	RebuildNativeTypeToScriptingClass (54ms)
	initialDomainReloadingComplete (95ms)
	LoadAllAssembliesAndSetupDomain (639ms)
		LoadAssemblies (844ms)
		RebuildTransferFunctionScriptingTraits (0ms)
		AnalyzeDomain (41ms)
			TypeCache.Refresh (13ms)
				TypeCache.ScanAssembly (0ms)
			ScanForSourceGeneratedMonoScriptInfo (0ms)
			ResolveRequiredComponents (25ms)
	FinalizeReload (4926ms)
		ReleaseScriptCaches (0ms)
		RebuildScriptCaches (0ms)
		SetupLoadedEditorAssemblies (2622ms)
			LogAssemblyErrors (0ms)
			InitializePlatformSupportModulesInManaged (24ms)
			SetLoadedEditorAssemblies (25ms)
			RefreshPlugins (0ms)
			BeforeProcessingInitializeOnLoad (471ms)
			ProcessInitializeOnLoadAttributes (1707ms)
			ProcessInitializeOnLoadMethodAttributes (371ms)
			AfterProcessingInitializeOnLoad (23ms)
			EditorAssembliesLoaded (2ms)
		ExecutionOrderSort2 (0ms)
		AwakeInstancesAfterBackupRestoration (66ms)
Refreshing native plugins compatible for Editor in 10.97 ms, found 4 plugins.
Preloading 0 native plugins for Editor in 0.00 ms.
Unloading 5495 Unused Serialized files (Serialized files now loaded: 0)
Unloading 56 unused Assets / (0.8 MB). Loaded Objects now: 6067.
Memory consumption went from 193.3 MB to 192.4 MB.
Total: 8.027800 ms (FindLiveObjects: 0.692400 ms CreateObjectMapping: 0.419600 ms MarkObjects: 6.099300 ms  DeleteObjects: 0.813500 ms)

Prepare: number of updated asset objects reloaded= 0
AssetImportParameters requested are different than current active one (requested -> active):
  custom:container-demuxer-ogg: 62fdf1f143b41e24485cea50d1cbac27 -> 
  custom:video-decoder-ogg-theora: a1e56fd34408186e4bbccfd4996cb3dc -> 
  custom:framework-win-MediaFoundation: 216162199b28c13a410421893ffa2e32 -> 
  custom:CustomObjectIndexerAttribute: a3ef5dd2817f97addfee359851a9dba5 -> 
  custom:container-demuxer-webm: 4f35f7cbe854078d1ac9338744f61a02 -> 
  custom:container-muxer-webm: aa71ff27fc2769a1b78a27578f13a17b -> 
  custom:video-decoder-webm-vp8: 9c59270c3fd7afecdb556c50c9e8de78 -> 
  custom:SearchIndexIgnoredProperties: e643bd26f0fe6173181afceb89e7c659 -> 
  custom:AudioImporter_EditorPlatform: d09bf68614088b80899f8185d706f6e7 -> 
  custom:video-encoder-webm-vp8: eb34c28f22e8b96e1ab97ce403110664 -> 
  custom:audio-decoder-ogg-vorbis: bf7c407c2cedff20999df2af8eb42d56 -> 
  custom:audio-encoder-webm-vorbis: bf7c407c2cedff20999df2af8eb42d56 -> 
========================================================================
Received Prepare
Begin MonoManager ReloadAssembly
- Loaded All Assemblies, in  1.384 seconds
Refreshing native plugins compatible for Editor in 11.84 ms, found 4 plugins.
Native extension for WindowsStandalone target not found
[Package Manager] Server::EnsureServerProcessIsRunning -- launch failed, reason: Unity was launched with the -noUpm command-line argument
[Package Manager] UpmClient::Send -- Unable to send message (not connected to UPM process).
[Package Manager] Cannot connect to Unity Package Manager local server
Mono: successfully reloaded assembly
- Finished resetting the current domain, in  4.761 seconds
Domain Reload Profiling: 6138ms
	BeginReloadAssembly (443ms)
		ExecutionOrderSort (0ms)
		DisableScriptedObjects (37ms)
		BackupInstance (0ms)
		ReleaseScriptingObjects (0ms)
		CreateAndSetChildDomain (101ms)
	RebuildCommonClasses (90ms)
	RebuildNativeTypeToScriptingClass (40ms)
	initialDomainReloadingComplete (96ms)
	LoadAllAssembliesAndSetupDomain (705ms)
		LoadAssemblies (869ms)
		RebuildTransferFunctionScriptingTraits (0ms)
		AnalyzeDomain (66ms)
			TypeCache.Refresh (21ms)
				TypeCache.ScanAssembly (0ms)
			ScanForSourceGeneratedMonoScriptInfo (1ms)
			ResolveRequiredComponents (42ms)
	FinalizeReload (4763ms)
		ReleaseScriptCaches (0ms)
		RebuildScriptCaches (0ms)
		SetupLoadedEditorAssemblies (2576ms)
			LogAssemblyErrors (0ms)
			InitializePlatformSupportModulesInManaged (20ms)
			SetLoadedEditorAssemblies (31ms)
			RefreshPlugins (0ms)
			BeforeProcessingInitializeOnLoad (431ms)
			ProcessInitializeOnLoadAttributes (1668ms)
			ProcessInitializeOnLoadMethodAttributes (394ms)
			AfterProcessingInitializeOnLoad (31ms)
			EditorAssembliesLoaded (2ms)
		ExecutionOrderSort2 (0ms)
		AwakeInstancesAfterBackupRestoration (70ms)
Refreshing native plugins compatible for Editor in 15.82 ms, found 4 plugins.
Preloading 0 native plugins for Editor in 0.00 ms.
Unloading 5495 Unused Serialized files (Serialized files now loaded: 0)
Unloading 56 unused Assets / (0.9 MB). Loaded Objects now: 6071.
Memory consumption went from 193.3 MB to 192.4 MB.
Total: 19.640100 ms (FindLiveObjects: 1.028800 ms CreateObjectMapping: 1.230900 ms MarkObjects: 14.861800 ms  DeleteObjects: 2.512400 ms)

Prepare: number of updated asset objects reloaded= 0
AssetImportParameters requested are different than current active one (requested -> active):
  custom:container-demuxer-ogg: 62fdf1f143b41e24485cea50d1cbac27 -> 
  custom:video-decoder-ogg-theora: a1e56fd34408186e4bbccfd4996cb3dc -> 
  custom:framework-win-MediaFoundation: 216162199b28c13a410421893ffa2e32 -> 
  custom:CustomObjectIndexerAttribute: a3ef5dd2817f97addfee359851a9dba5 -> 
  custom:container-demuxer-webm: 4f35f7cbe854078d1ac9338744f61a02 -> 
  custom:container-muxer-webm: aa71ff27fc2769a1b78a27578f13a17b -> 
  custom:video-decoder-webm-vp8: 9c59270c3fd7afecdb556c50c9e8de78 -> 
  custom:SearchIndexIgnoredProperties: e643bd26f0fe6173181afceb89e7c659 -> 
  custom:AudioImporter_EditorPlatform: d09bf68614088b80899f8185d706f6e7 -> 
  custom:video-encoder-webm-vp8: eb34c28f22e8b96e1ab97ce403110664 -> 
  custom:audio-decoder-ogg-vorbis: bf7c407c2cedff20999df2af8eb42d56 -> 
  custom:audio-encoder-webm-vorbis: bf7c407c2cedff20999df2af8eb42d56 -> 
========================================================================
Received Prepare
Begin MonoManager ReloadAssembly
- Loaded All Assemblies, in  1.375 seconds
Refreshing native plugins compatible for Editor in 9.87 ms, found 4 plugins.
Native extension for WindowsStandalone target not found
[Package Manager] Server::EnsureServerProcessIsRunning -- launch failed, reason: Unity was launched with the -noUpm command-line argument
[Package Manager] UpmClient::Send -- Unable to send message (not connected to UPM process).
[Package Manager] Cannot connect to Unity Package Manager local server
Mono: successfully reloaded assembly
- Finished resetting the current domain, in  7.303 seconds
Domain Reload Profiling: 8672ms
	BeginReloadAssembly (456ms)
		ExecutionOrderSort (0ms)
		DisableScriptedObjects (37ms)
		BackupInstance (0ms)
		ReleaseScriptingObjects (0ms)
		CreateAndSetChildDomain (99ms)
	RebuildCommonClasses (111ms)
	RebuildNativeTypeToScriptingClass (55ms)
	initialDomainReloadingComplete (89ms)
	LoadAllAssembliesAndSetupDomain (655ms)
		LoadAssemblies (848ms)
		RebuildTransferFunctionScriptingTraits (0ms)
		AnalyzeDomain (52ms)
			TypeCache.Refresh (13ms)
				TypeCache.ScanAssembly (0ms)
			ScanForSourceGeneratedMonoScriptInfo (1ms)
			ResolveRequiredComponents (36ms)
	FinalizeReload (7307ms)
		ReleaseScriptCaches (0ms)
		RebuildScriptCaches (0ms)
		SetupLoadedEditorAssemblies (4157ms)
			LogAssemblyErrors (0ms)
			InitializePlatformSupportModulesInManaged (42ms)
			SetLoadedEditorAssemblies (16ms)
			RefreshPlugins (0ms)
			BeforeProcessingInitializeOnLoad (670ms)
			ProcessInitializeOnLoadAttributes (2758ms)
			ProcessInitializeOnLoadMethodAttributes (629ms)
			AfterProcessingInitializeOnLoad (42ms)
			EditorAssembliesLoaded (2ms)
		ExecutionOrderSort2 (0ms)
		AwakeInstancesAfterBackupRestoration (105ms)
Refreshing native plugins compatible for Editor in 22.82 ms, found 4 plugins.
Preloading 0 native plugins for Editor in 0.00 ms.
Unloading 5495 Unused Serialized files (Serialized files now loaded: 0)
Unloading 56 unused Assets / (0.8 MB). Loaded Objects now: 6075.
Memory consumption went from 193.3 MB to 192.5 MB.
Total: 22.930600 ms (FindLiveObjects: 1.696300 ms CreateObjectMapping: 1.211100 ms MarkObjects: 17.733600 ms  DeleteObjects: 2.284500 ms)

Prepare: number of updated asset objects reloaded= 0
AssetImportParameters requested are different than current active one (requested -> active):
  custom:container-demuxer-ogg: 62fdf1f143b41e24485cea50d1cbac27 -> 
  custom:video-decoder-ogg-theora: a1e56fd34408186e4bbccfd4996cb3dc -> 
  custom:framework-win-MediaFoundation: 216162199b28c13a410421893ffa2e32 -> 
  custom:CustomObjectIndexerAttribute: a3ef5dd2817f97addfee359851a9dba5 -> 
  custom:container-demuxer-webm: 4f35f7cbe854078d1ac9338744f61a02 -> 
  custom:container-muxer-webm: aa71ff27fc2769a1b78a27578f13a17b -> 
  custom:video-decoder-webm-vp8: 9c59270c3fd7afecdb556c50c9e8de78 -> 
  custom:SearchIndexIgnoredProperties: e643bd26f0fe6173181afceb89e7c659 -> 
  custom:AudioImporter_EditorPlatform: d09bf68614088b80899f8185d706f6e7 -> 
  custom:video-encoder-webm-vp8: eb34c28f22e8b96e1ab97ce403110664 -> 
  custom:audio-decoder-ogg-vorbis: bf7c407c2cedff20999df2af8eb42d56 -> 
  custom:audio-encoder-webm-vorbis: bf7c407c2cedff20999df2af8eb42d56 -> 
========================================================================
Received Import Request.
  Time since last request: 2610.425937 seconds.
  path: Assets/Levels/mainlevbuild_0.asset
  artifactKey: Guid(c617d5050b013484b930ab4a0c6981a9) Importer(815301076,1909f56bfc062723c751e8b465ee728b)
Start importing Assets/Levels/mainlevbuild_0.asset using Guid(c617d5050b013484b930ab4a0c6981a9) Importer(815301076,1909f56bfc062723c751e8b465ee728b)  -> (artifact id: 'a2b3934822867b63899328564a7d1075') in 0.287334 seconds
Number of updated asset objects reloaded before import = 0
Number of asset objects unloaded after import = 3
========================================================================
Received Import Request.
  Time since last request: 0.000104 seconds.
  path: Assets/Levels/mainlevbuild_26.asset
  artifactKey: Guid(a7052b83b150cd742a23b0f0b345a85a) Importer(815301076,1909f56bfc062723c751e8b465ee728b)
Start importing Assets/Levels/mainlevbuild_26.asset using Guid(a7052b83b150cd742a23b0f0b345a85a) Importer(815301076,1909f56bfc062723c751e8b465ee728b)  -> (artifact id: 'a10e3d90c1adbc23e5054bd57e2f577c') in 0.059869 seconds
Number of updated asset objects reloaded before import = 0
Number of asset objects unloaded after import = 3
========================================================================
Received Import Request.
  Time since last request: 0.000153 seconds.
  path: Assets/Levels/mainlevbuild_11.asset
  artifactKey: Guid(c1a85c43619285b438753d52e417cb96) Importer(815301076,1909f56bfc062723c751e8b465ee728b)
Start importing Assets/Levels/mainlevbuild_11.asset using Guid(c1a85c43619285b438753d52e417cb96) Importer(815301076,1909f56bfc062723c751e8b465ee728b)  -> (artifact id: '0e3da10d4a77c52eb242cbba8752c95f') in 0.068179 seconds
Number of updated asset objects reloaded before import = 0
Number of asset objects unloaded after import = 3
========================================================================
Received Import Request.
  Time since last request: 0.000069 seconds.
  path: Assets/Levels/mainlevbuild_12.asset
  artifactKey: Guid(52460f9ea92d5454b9bfdc94fca58d03) Importer(815301076,1909f56bfc062723c751e8b465ee728b)
Start importing Assets/Levels/mainlevbuild_12.asset using Guid(52460f9ea92d5454b9bfdc94fca58d03) Importer(815301076,1909f56bfc062723c751e8b465ee728b)  -> (artifact id: '2f286ff2ed25fea5e507d10e740bc043') in 0.063881 seconds
Number of updated asset objects reloaded before import = 0
Number of asset objects unloaded after import = 3
========================================================================
Received Import Request.
  Time since last request: 0.000065 seconds.
  path: Assets/Levels/mainlevbuild_27.asset
  artifactKey: Guid(7e1a67edeffcfe84b8ce81819d9a9eed) Importer(815301076,1909f56bfc062723c751e8b465ee728b)
Start importing Assets/Levels/mainlevbuild_27.asset using Guid(7e1a67edeffcfe84b8ce81819d9a9eed) Importer(815301076,1909f56bfc062723c751e8b465ee728b)  -> (artifact id: '21c824840d8c18c8fc59351c427d787c') in 0.039940 seconds
Number of updated asset objects reloaded before import = 0
Number of asset objects unloaded after import = 3
========================================================================
Received Import Request.
  Time since last request: 0.000061 seconds.
  path: Assets/Levels/mainlevbuild_6.asset
  artifactKey: Guid(e29329e165f4aae4ba00cc2c34aeb01f) Importer(815301076,1909f56bfc062723c751e8b465ee728b)
Start importing Assets/Levels/mainlevbuild_6.asset using Guid(e29329e165f4aae4ba00cc2c34aeb01f) Importer(815301076,1909f56bfc062723c751e8b465ee728b)  -> (artifact id: '41d91a3606dbf3ef63cf215a9f86142e') in 0.069348 seconds
Number of updated asset objects reloaded before import = 0
Number of asset objects unloaded after import = 3
========================================================================
Received Import Request.
  Time since last request: 0.000065 seconds.
  path: Assets/Levels/mainlevbuild_10.asset
  artifactKey: Guid(35fbd6ba99b6db94fb62f8c36dd65997) Importer(815301076,1909f56bfc062723c751e8b465ee728b)
Start importing Assets/Levels/mainlevbuild_10.asset using Guid(35fbd6ba99b6db94fb62f8c36dd65997) Importer(815301076,1909f56bfc062723c751e8b465ee728b)  -> (artifact id: '27e625eb4da3a95257f377c11fb004d1') in 0.062884 seconds
Number of updated asset objects reloaded before import = 0
Number of asset objects unloaded after import = 3
========================================================================
Received Import Request.
  Time since last request: 0.000671 seconds.
  path: Assets/Levels/mainlevbuild_13.asset
  artifactKey: Guid(954a0e94ebfb16a4bbf81c3427198233) Importer(815301076,1909f56bfc062723c751e8b465ee728b)
Start importing Assets/Levels/mainlevbuild_13.asset using Guid(954a0e94ebfb16a4bbf81c3427198233) Importer(815301076,1909f56bfc062723c751e8b465ee728b)  -> (artifact id: 'd8cea804d7995007745675fbb5938cc9') in 0.061829 seconds
Number of updated asset objects reloaded before import = 0
Number of asset objects unloaded after import = 3
========================================================================
Received Import Request.
  Time since last request: 0.000069 seconds.
  path: Assets/Levels/mainlevbuild_8.asset
  artifactKey: Guid(94809153fbc930742b3ba46e047ef935) Importer(815301076,1909f56bfc062723c751e8b465ee728b)
Start importing Assets/Levels/mainlevbuild_8.asset using Guid(94809153fbc930742b3ba46e047ef935) Importer(815301076,1909f56bfc062723c751e8b465ee728b)  -> (artifact id: '28a23cfe5b261875d61c299946c175cc') in 0.068812 seconds
Number of updated asset objects reloaded before import = 0
Number of asset objects unloaded after import = 3
========================================================================
Received Import Request.
  Time since last request: 0.000064 seconds.
  path: Assets/Levels/mainlevbuild_14.asset
  artifactKey: Guid(e27cb3e0f077d194dae6449a5f4cf4b1) Importer(815301076,1909f56bfc062723c751e8b465ee728b)
Start importing Assets/Levels/mainlevbuild_14.asset using Guid(e27cb3e0f077d194dae6449a5f4cf4b1) Importer(815301076,1909f56bfc062723c751e8b465ee728b)  -> (artifact id: 'ccbd10d7cd2949b57d2670a6a9cacda8') in 0.066829 seconds
Number of updated asset objects reloaded before import = 0
Number of asset objects unloaded after import = 3
========================================================================
Received Import Request.
  Time since last request: 0.000074 seconds.
  path: Assets/Levels/mainlevbuild_28.asset
  artifactKey: Guid(dc12056189f58cc4385263d3e7ef1bd4) Importer(815301076,1909f56bfc062723c751e8b465ee728b)
Start importing Assets/Levels/mainlevbuild_28.asset using Guid(dc12056189f58cc4385263d3e7ef1bd4) Importer(815301076,1909f56bfc062723c751e8b465ee728b)  -> (artifact id: 'be279a18a5194dabbde2caae26a29b96') in 0.067349 seconds
Number of updated asset objects reloaded before import = 0
Number of asset objects unloaded after import = 3
========================================================================
Received Import Request.
  Time since last request: 0.001818 seconds.
  path: Assets/Levels/mainlevbuild_25.asset
  artifactKey: Guid(f8c9895f57c0e8c40b24b11502d5fe44) Importer(815301076,1909f56bfc062723c751e8b465ee728b)
Start importing Assets/Levels/mainlevbuild_25.asset using Guid(f8c9895f57c0e8c40b24b11502d5fe44) Importer(815301076,1909f56bfc062723c751e8b465ee728b)  -> (artifact id: '6045c6b223166b9e5c2263071ee450b3') in 0.064911 seconds
Number of updated asset objects reloaded before import = 0
Number of asset objects unloaded after import = 3
========================================================================
Received Import Request.
  Time since last request: 0.000103 seconds.
  path: Assets/Levels/mainlevbuild_18.asset
  artifactKey: Guid(8e60d064027fdea478ece7509fd0dfe4) Importer(815301076,1909f56bfc062723c751e8b465ee728b)
Start importing Assets/Levels/mainlevbuild_18.asset using Guid(8e60d064027fdea478ece7509fd0dfe4) Importer(815301076,1909f56bfc062723c751e8b465ee728b)  -> (artifact id: '32e7a5c44ec30e8fa390f1ae95dc2d74') in 0.078693 seconds
Number of updated asset objects reloaded before import = 0
Number of asset objects unloaded after import = 3
========================================================================
Received Import Request.
  Time since last request: 0.000043 seconds.
  path: Assets/Levels/mainlevbuild_24.asset
  artifactKey: Guid(73887fea927d065438fcfb502ac8a915) Importer(815301076,1909f56bfc062723c751e8b465ee728b)
Start importing Assets/Levels/mainlevbuild_24.asset using Guid(73887fea927d065438fcfb502ac8a915) Importer(815301076,1909f56bfc062723c751e8b465ee728b)  -> (artifact id: '364d8e0afa9e3d059f925c34f51a579a') in 0.063575 seconds
Number of updated asset objects reloaded before import = 0
Number of asset objects unloaded after import = 3
========================================================================
Received Import Request.
  Time since last request: 0.000041 seconds.
  path: Assets/Levels/mainlevbuild_17.asset
  artifactKey: Guid(8a9eb5904cfe6b148bab5280152dd312) Importer(815301076,1909f56bfc062723c751e8b465ee728b)
Start importing Assets/Levels/mainlevbuild_17.asset using Guid(8a9eb5904cfe6b148bab5280152dd312) Importer(815301076,1909f56bfc062723c751e8b465ee728b)  -> (artifact id: '1b46a9920476ffe1fb071ccf710a1d2d') in 0.099563 seconds
Number of updated asset objects reloaded before import = 0
Number of asset objects unloaded after import = 3
========================================================================
Received Import Request.
  Time since last request: 0.000111 seconds.
  path: Assets/Levels/mainlevbuild_29.asset
  artifactKey: Guid(4e69bc215f777a542946f68b8abdeb12) Importer(815301076,1909f56bfc062723c751e8b465ee728b)
Start importing Assets/Levels/mainlevbuild_29.asset using Guid(4e69bc215f777a542946f68b8abdeb12) Importer(815301076,1909f56bfc062723c751e8b465ee728b)  -> (artifact id: 'f8e3c4d073afc6f9c732bac883492cc6') in 0.131464 seconds
Number of updated asset objects reloaded before import = 0
Number of asset objects unloaded after import = 3
========================================================================
Received Import Request.
  Time since last request: 0.000094 seconds.
  path: Assets/Levels/mainlevbuild_16.asset
  artifactKey: Guid(b6c1ca6318db8d14fa10ef2d973959c1) Importer(815301076,1909f56bfc062723c751e8b465ee728b)
Start importing Assets/Levels/mainlevbuild_16.asset using Guid(b6c1ca6318db8d14fa10ef2d973959c1) Importer(815301076,1909f56bfc062723c751e8b465ee728b)  -> (artifact id: 'dfb16b0acc7a71b6109fc71847afe6d2') in 0.095935 seconds
Number of updated asset objects reloaded before import = 0
Number of asset objects unloaded after import = 3
========================================================================
Received Import Request.
  Time since last request: 0.000046 seconds.
  path: Assets/Levels/mainlevbuild_31.asset
  artifactKey: Guid(cc2735873a43f3c478c6eb920e06094c) Importer(815301076,1909f56bfc062723c751e8b465ee728b)
Start importing Assets/Levels/mainlevbuild_31.asset using Guid(cc2735873a43f3c478c6eb920e06094c) Importer(815301076,1909f56bfc062723c751e8b465ee728b)  -> (artifact id: '4735973190834a1d79a41382de695e10') in 0.164881 seconds
Number of updated asset objects reloaded before import = 0
Number of asset objects unloaded after import = 3
========================================================================
Received Import Request.
  Time since last request: 0.000163 seconds.
  path: Assets/Levels/mainlevbuild_2.asset
  artifactKey: Guid(d4a3429daa606d84595e31dd91a0f2b2) Importer(815301076,1909f56bfc062723c751e8b465ee728b)
Start importing Assets/Levels/mainlevbuild_2.asset using Guid(d4a3429daa606d84595e31dd91a0f2b2) Importer(815301076,1909f56bfc062723c751e8b465ee728b)  -> (artifact id: '9fb36d8a4d57bd3755b9e0b750d1b0de') in 0.088494 seconds
Number of updated asset objects reloaded before import = 0
Number of asset objects unloaded after import = 3
========================================================================
Received Import Request.
  Time since last request: 0.000038 seconds.
  path: Assets/Levels/mainlevbuild_5.asset
  artifactKey: Guid(ac22d20b8c1a9dc44beec69b0134e57f) Importer(815301076,1909f56bfc062723c751e8b465ee728b)
Start importing Assets/Levels/mainlevbuild_5.asset using Guid(ac22d20b8c1a9dc44beec69b0134e57f) Importer(815301076,1909f56bfc062723c751e8b465ee728b)  -> (artifact id: 'ec42934a6dd9746d0a1479ebe9598adc') in 0.049513 seconds
Number of updated asset objects reloaded before import = 0
Number of asset objects unloaded after import = 3
========================================================================
Received Import Request.
  Time since last request: 0.000116 seconds.
  path: Assets/Levels/mainlevbuild_30.asset
  artifactKey: Guid(9251efc518739014084d95f2e7bd9a27) Importer(815301076,1909f56bfc062723c751e8b465ee728b)
Start importing Assets/Levels/mainlevbuild_30.asset using Guid(9251efc518739014084d95f2e7bd9a27) Importer(815301076,1909f56bfc062723c751e8b465ee728b)  -> (artifact id: '3afa0f0c7b1112d2632a70f912414cb9') in 0.069107 seconds
Number of updated asset objects reloaded before import = 0
Number of asset objects unloaded after import = 3
========================================================================
Received Import Request.
  Time since last request: 0.000128 seconds.
  path: Assets/Levels/mainlevbuild_23.asset
  artifactKey: Guid(afe064ef30f70b44287a3f0dbc6690a7) Importer(815301076,1909f56bfc062723c751e8b465ee728b)
Start importing Assets/Levels/mainlevbuild_23.asset using Guid(afe064ef30f70b44287a3f0dbc6690a7) Importer(815301076,1909f56bfc062723c751e8b465ee728b)  -> (artifact id: '15b50d662c5223e453ae29db4681618e') in 0.072458 seconds
Number of updated asset objects reloaded before import = 0
Number of asset objects unloaded after import = 3
========================================================================
Received Import Request.
  Time since last request: 0.000076 seconds.
  path: Assets/Levels/mainlevbuild_22.asset
  artifactKey: Guid(86ef43b8e4d9a7f41af14d8df097cbdc) Importer(815301076,1909f56bfc062723c751e8b465ee728b)
Start importing Assets/Levels/mainlevbuild_22.asset using Guid(86ef43b8e4d9a7f41af14d8df097cbdc) Importer(815301076,1909f56bfc062723c751e8b465ee728b)  -> (artifact id: '655dafe4008396301ee97926c2c7b10a') in 0.067814 seconds
Number of updated asset objects reloaded before import = 0
Number of asset objects unloaded after import = 3
========================================================================
Received Import Request.
  Time since last request: 0.000089 seconds.
  path: Assets/Levels/mainlevbuild_19.asset
  artifactKey: Guid(b3919601fe4594642ae46fc9e410c184) Importer(815301076,1909f56bfc062723c751e8b465ee728b)
Start importing Assets/Levels/mainlevbuild_19.asset using Guid(b3919601fe4594642ae46fc9e410c184) Importer(815301076,1909f56bfc062723c751e8b465ee728b)  -> (artifact id: '2dacae2ef53f45c8ba74c3887779ad59') in 0.078386 seconds
Number of updated asset objects reloaded before import = 0
Number of asset objects unloaded after import = 3
========================================================================
Received Import Request.
  Time since last request: 0.000112 seconds.
  path: Assets/Levels/mainlevbuild_9.asset
  artifactKey: Guid(e1a29b168cc6a134295151ecaf221884) Importer(815301076,1909f56bfc062723c751e8b465ee728b)
Start importing Assets/Levels/mainlevbuild_9.asset using Guid(e1a29b168cc6a134295151ecaf221884) Importer(815301076,1909f56bfc062723c751e8b465ee728b)  -> (artifact id: '258d600eed07b929303081925cbc0292') in 0.068295 seconds
Number of updated asset objects reloaded before import = 0
Number of asset objects unloaded after import = 3
========================================================================
Received Import Request.
  Time since last request: 0.000070 seconds.
  path: Assets/Levels/mainlevbuild_21.asset
  artifactKey: Guid(9b6f64fb19eecef4fa88611d83ba282f) Importer(815301076,1909f56bfc062723c751e8b465ee728b)
Start importing Assets/Levels/mainlevbuild_21.asset using Guid(9b6f64fb19eecef4fa88611d83ba282f) Importer(815301076,1909f56bfc062723c751e8b465ee728b)  -> (artifact id: '323686b026b19d9c3513cf0f0c166e29') in 0.071112 seconds
Number of updated asset objects reloaded before import = 0
Number of asset objects unloaded after import = 3
========================================================================
Received Import Request.
  Time since last request: 0.000096 seconds.
  path: Assets/Levels/mainlevbuild_15.asset
  artifactKey: Guid(d7a14ace91f28d64386be004ab1a2d14) Importer(815301076,1909f56bfc062723c751e8b465ee728b)
Start importing Assets/Levels/mainlevbuild_15.asset using Guid(d7a14ace91f28d64386be004ab1a2d14) Importer(815301076,1909f56bfc062723c751e8b465ee728b)  -> (artifact id: '0215d4d5a4861ed8972fe00b30d6d170') in 0.089715 seconds
Number of updated asset objects reloaded before import = 0
Number of asset objects unloaded after import = 3
========================================================================
Received Import Request.
  Time since last request: 0.000281 seconds.
  path: Assets/Levels/mainlevbuild_4.asset
  artifactKey: Guid(724c32baa7e27e14aa64cec499631e23) Importer(815301076,1909f56bfc062723c751e8b465ee728b)
Start importing Assets/Levels/mainlevbuild_4.asset using Guid(724c32baa7e27e14aa64cec499631e23) Importer(815301076,1909f56bfc062723c751e8b465ee728b)  -> (artifact id: '8f145854b6f180cba60f01778d07819d') in 0.077704 seconds
Number of updated asset objects reloaded before import = 0
Number of asset objects unloaded after import = 3
========================================================================
Received Import Request.
  Time since last request: 0.000092 seconds.
  path: Assets/Levels/mainlevbuild_3.asset
  artifactKey: Guid(406b66f524a8cac4bae29074ce9f9c7c) Importer(815301076,1909f56bfc062723c751e8b465ee728b)
Start importing Assets/Levels/mainlevbuild_3.asset using Guid(406b66f524a8cac4bae29074ce9f9c7c) Importer(815301076,1909f56bfc062723c751e8b465ee728b)  -> (artifact id: '44bd00104117bb7260b0691320d2fdf0') in 0.082580 seconds
Number of updated asset objects reloaded before import = 0
Number of asset objects unloaded after import = 3
========================================================================
Received Prepare
Begin MonoManager ReloadAssembly
- Loaded All Assemblies, in  1.576 seconds
Refreshing native plugins compatible for Editor in 13.96 ms, found 4 plugins.
Native extension for WindowsStandalone target not found
[Package Manager] Server::EnsureServerProcessIsRunning -- launch failed, reason: Unity was launched with the -noUpm command-line argument
[Package Manager] UpmClient::Send -- Unable to send message (not connected to UPM process).
[Package Manager] Cannot connect to Unity Package Manager local server
Mono: successfully reloaded assembly
- Finished resetting the current domain, in  5.119 seconds
Domain Reload Profiling: 6689ms
	BeginReloadAssembly (527ms)
		ExecutionOrderSort (0ms)
		DisableScriptedObjects (33ms)
		BackupInstance (0ms)
		ReleaseScriptingObjects (0ms)
		CreateAndSetChildDomain (131ms)
	RebuildCommonClasses (173ms)
	RebuildNativeTypeToScriptingClass (51ms)
	initialDomainReloadingComplete (98ms)
	LoadAllAssembliesAndSetupDomain (717ms)
		LoadAssemblies (924ms)
		RebuildTransferFunctionScriptingTraits (0ms)
		AnalyzeDomain (65ms)
			TypeCache.Refresh (18ms)
				TypeCache.ScanAssembly (0ms)
			ScanForSourceGeneratedMonoScriptInfo (1ms)
			ResolveRequiredComponents (43ms)
	FinalizeReload (5122ms)
		ReleaseScriptCaches (0ms)
		RebuildScriptCaches (0ms)
		SetupLoadedEditorAssemblies (2564ms)
			LogAssemblyErrors (0ms)
			InitializePlatformSupportModulesInManaged (27ms)
			SetLoadedEditorAssemblies (28ms)
			RefreshPlugins (0ms)
			BeforeProcessingInitializeOnLoad (462ms)
			ProcessInitializeOnLoadAttributes (1670ms)
			ProcessInitializeOnLoadMethodAttributes (351ms)
			AfterProcessingInitializeOnLoad (25ms)
			EditorAssembliesLoaded (1ms)
		ExecutionOrderSort2 (0ms)
		AwakeInstancesAfterBackupRestoration (61ms)
Refreshing native plugins compatible for Editor in 11.21 ms, found 4 plugins.
Preloading 0 native plugins for Editor in 0.00 ms.
Unloading 5494 Unused Serialized files (Serialized files now loaded: 0)
Unloading 56 unused Assets / (0.9 MB). Loaded Objects now: 6082.
Memory consumption went from 193.0 MB to 192.2 MB.
Total: 21.289100 ms (FindLiveObjects: 0.949100 ms CreateObjectMapping: 1.248300 ms MarkObjects: 17.763500 ms  DeleteObjects: 1.325200 ms)

Prepare: number of updated asset objects reloaded= 0
AssetImportParameters requested are different than current active one (requested -> active):
  custom:container-demuxer-ogg: 62fdf1f143b41e24485cea50d1cbac27 -> 
  custom:video-decoder-ogg-theora: a1e56fd34408186e4bbccfd4996cb3dc -> 
  custom:framework-win-MediaFoundation: 216162199b28c13a410421893ffa2e32 -> 
  custom:CustomObjectIndexerAttribute: a3ef5dd2817f97addfee359851a9dba5 -> 
  custom:container-demuxer-webm: 4f35f7cbe854078d1ac9338744f61a02 -> 
  custom:container-muxer-webm: aa71ff27fc2769a1b78a27578f13a17b -> 
  custom:video-decoder-webm-vp8: 9c59270c3fd7afecdb556c50c9e8de78 -> 
  custom:SearchIndexIgnoredProperties: e643bd26f0fe6173181afceb89e7c659 -> 
  custom:AudioImporter_EditorPlatform: d09bf68614088b80899f8185d706f6e7 -> 
  custom:video-encoder-webm-vp8: eb34c28f22e8b96e1ab97ce403110664 -> 
  custom:audio-decoder-ogg-vorbis: bf7c407c2cedff20999df2af8eb42d56 -> 
  custom:audio-encoder-webm-vorbis: bf7c407c2cedff20999df2af8eb42d56 -> 
Editor requested this worker to shutdown with reason: Scaling down because of idle timeout
TcpMessagingSession - receive error: operation aborted. errorcode: 995, details: Η λειτουργία εισόδου/εξόδου ματαιώθηκε εξαιτίας μιας εξόδου από το νήμα ή μιας αίτησης από κάποια εφαρμογή.
AssetImportWorker is now disconnected from the server
Process exiting
Exiting without the bug reporter. Application will terminate with return code 0